{"/home/travis/build/npmtest/node-npmtest-bower-requirejs/test.js":{"path":"/home/travis/build/npmtest/node-npmtest-bower-requirejs/test.js","s":{"1":2,"2":2,"3":2,"4":2,"5":2,"6":2,"7":2,"8":1,"9":2,"10":2,"11":1,"12":1,"13":1,"14":1,"15":2,"16":2,"17":2,"18":2,"19":1,"20":1,"21":2,"22":2,"23":2,"24":1,"25":1,"26":1,"27":1,"28":1,"29":1,"30":1,"31":1,"32":1,"33":1,"34":1,"35":1,"36":1,"37":1,"38":1,"39":2,"40":2,"41":1,"42":2,"43":2,"44":1,"45":2,"46":2,"47":1,"48":2,"49":2,"50":1,"51":1,"52":1,"53":1,"54":1},"b":{"1":[2,1,1,1],"2":[1,1,1,1],"3":[1,1],"4":[1,1],"5":[1,1],"6":[1,1],"7":[1,1],"8":[1,1],"9":[1,1],"10":[1,1,1],"11":[1,1],"12":[1,1],"13":[1,1],"14":[1,1],"15":[1,1],"16":[1,1],"17":[1,1]},"f":{"1":2,"2":2,"3":2,"4":2,"5":2,"6":1,"7":1,"8":1,"9":2,"10":2,"11":2,"12":2,"13":1},"fnMap":{"1":{"name":"(anonymous_1)","line":12,"loc":{"start":{"line":12,"column":1},"end":{"line":12,"column":13}}},"2":{"name":"(anonymous_2)","line":19,"loc":{"start":{"line":19,"column":5},"end":{"line":19,"column":17}}},"3":{"name":"(anonymous_3)","line":23,"loc":{"start":{"line":23,"column":24},"end":{"line":23,"column":36}}},"4":{"name":"(anonymous_4)","line":61,"loc":{"start":{"line":61,"column":5},"end":{"line":61,"column":17}}},"5":{"name":"(anonymous_5)","line":82,"loc":{"start":{"line":82,"column":5},"end":{"line":82,"column":17}}},"6":{"name":"(anonymous_6)","line":91,"loc":{"start":{"line":91,"column":77},"end":{"line":94,"column":10}}},"7":{"name":"(anonymous_7)","line":112,"loc":{"start":{"line":112,"column":83},"end":{"line":115,"column":10}},"skip":true},"8":{"name":"(anonymous_8)","line":123,"loc":{"start":{"line":123,"column":77},"end":{"line":126,"column":10}},"skip":true},"9":{"name":"(anonymous_9)","line":139,"loc":{"start":{"line":139,"column":12},"end":{"line":139,"column":40}},"skip":true},"10":{"name":"(anonymous_10)","line":147,"loc":{"start":{"line":147,"column":77},"end":{"line":150,"column":10}},"skip":true},"11":{"name":"(anonymous_11)","line":158,"loc":{"start":{"line":158,"column":83},"end":{"line":161,"column":10}},"skip":true},"12":{"name":"(anonymous_12)","line":169,"loc":{"start":{"line":169,"column":79},"end":{"line":172,"column":10}},"skip":true},"13":{"name":"(anonymous_13)","line":180,"loc":{"start":{"line":180,"column":75},"end":{"line":183,"column":10}},"skip":true}},"statementMap":{"1":{"start":{"line":12,"column":0},"end":{"line":195,"column":5}},"2":{"start":{"line":14,"column":4},"end":{"line":14,"column":14}},"3":{"start":{"line":19,"column":4},"end":{"line":56,"column":9}},"4":{"start":{"line":21,"column":8},"end":{"line":21,"column":19}},"5":{"start":{"line":23,"column":8},"end":{"line":35,"column":13}},"6":{"start":{"line":24,"column":12},"end":{"line":34,"column":13}},"7":{"start":{"line":25,"column":16},"end":{"line":28,"column":30}},"8":{"start":{"line":30,"column":16},"end":{"line":33,"column":27}},"9":{"start":{"line":37,"column":8},"end":{"line":39,"column":21}},"10":{"start":{"line":40,"column":8},"end":{"line":53,"column":9}},"11":{"start":{"line":43,"column":12},"end":{"line":46,"column":14}},"12":{"start":{"line":47,"column":12},"end":{"line":47,"column":18}},"13":{"start":{"line":50,"column":12},"end":{"line":51,"column":46}},"14":{"start":{"line":52,"column":12},"end":{"line":52,"column":18}},"15":{"start":{"line":55,"column":8},"end":{"line":55,"column":35}},"16":{"start":{"line":61,"column":4},"end":{"line":63,"column":9}},"17":{"start":{"line":62,"column":8},"end":{"line":62,"column":15}},"18":{"start":{"line":64,"column":4},"end":{"line":77,"column":5}},"19":{"start":{"line":70,"column":8},"end":{"line":70,"column":14}},"20":{"start":{"line":76,"column":8},"end":{"line":76,"column":14}},"21":{"start":{"line":82,"column":4},"end":{"line":84,"column":9}},"22":{"start":{"line":83,"column":8},"end":{"line":83,"column":15}},"23":{"start":{"line":85,"column":4},"end":{"line":194,"column":5}},"24":{"start":{"line":91,"column":8},"end":{"line":99,"column":10}},"25":{"start":{"line":98,"column":12},"end":{"line":98,"column":35}},"26":{"start":{"line":102,"column":8},"end":{"line":104,"column":63}},"27":{"start":{"line":105,"column":8},"end":{"line":105,"column":14}},"28":{"start":{"line":112,"column":8},"end":{"line":121,"column":10},"skip":true},"29":{"start":{"line":119,"column":12},"end":{"line":119,"column":55},"skip":true},"30":{"start":{"line":120,"column":12},"end":{"line":120,"column":48},"skip":true},"31":{"start":{"line":123,"column":8},"end":{"line":136,"column":10},"skip":true},"32":{"start":{"line":130,"column":12},"end":{"line":130,"column":76},"skip":true},"33":{"start":{"line":131,"column":12},"end":{"line":131,"column":73},"skip":true},"34":{"start":{"line":132,"column":12},"end":{"line":132,"column":74},"skip":true},"35":{"start":{"line":133,"column":12},"end":{"line":133,"column":79},"skip":true},"36":{"start":{"line":134,"column":12},"end":{"line":134,"column":25},"skip":true},"37":{"start":{"line":135,"column":12},"end":{"line":135,"column":45},"skip":true},"38":{"start":{"line":138,"column":8},"end":{"line":145,"column":14},"skip":true},"39":{"start":{"line":143,"column":16},"end":{"line":143,"column":29},"skip":true},"40":{"start":{"line":144,"column":16},"end":{"line":144,"column":55},"skip":true},"41":{"start":{"line":147,"column":8},"end":{"line":156,"column":10},"skip":true},"42":{"start":{"line":154,"column":12},"end":{"line":154,"column":25},"skip":true},"43":{"start":{"line":155,"column":12},"end":{"line":155,"column":45},"skip":true},"44":{"start":{"line":158,"column":8},"end":{"line":167,"column":10},"skip":true},"45":{"start":{"line":165,"column":12},"end":{"line":165,"column":25},"skip":true},"46":{"start":{"line":166,"column":12},"end":{"line":166,"column":48},"skip":true},"47":{"start":{"line":169,"column":8},"end":{"line":178,"column":10},"skip":true},"48":{"start":{"line":176,"column":12},"end":{"line":176,"column":25},"skip":true},"49":{"start":{"line":177,"column":12},"end":{"line":177,"column":46},"skip":true},"50":{"start":{"line":180,"column":8},"end":{"line":189,"column":10},"skip":true},"51":{"start":{"line":187,"column":12},"end":{"line":187,"column":94},"skip":true},"52":{"start":{"line":188,"column":12},"end":{"line":188,"column":48},"skip":true},"53":{"start":{"line":192,"column":8},"end":{"line":192,"column":35},"skip":true},"54":{"start":{"line":193,"column":8},"end":{"line":193,"column":14},"skip":true}},"branchMap":{"1":{"line":25,"type":"binary-expr","locations":[{"start":{"line":25,"column":23},"end":{"line":25,"column":62}},{"start":{"line":26,"column":20},"end":{"line":26,"column":70}},{"start":{"line":27,"column":20},"end":{"line":27,"column":71}},{"start":{"line":28,"column":20},"end":{"line":28,"column":29}}]},"2":{"line":30,"type":"binary-expr","locations":[{"start":{"line":30,"column":23},"end":{"line":30,"column":37}},{"start":{"line":31,"column":20},"end":{"line":31,"column":61}},{"start":{"line":32,"column":20},"end":{"line":32,"column":70}},{"start":{"line":33,"column":20},"end":{"line":33,"column":26}}]},"3":{"line":37,"type":"cond-expr","locations":[{"start":{"line":38,"column":14},"end":{"line":38,"column":20}},{"start":{"line":39,"column":14},"end":{"line":39,"column":20}}]},"4":{"line":40,"type":"switch","locations":[{"start":{"line":42,"column":8},"end":{"line":47,"column":18}},{"start":{"line":49,"column":8},"end":{"line":52,"column":18}}]},"5":{"line":44,"type":"binary-expr","locations":[{"start":{"line":44,"column":16},"end":{"line":44,"column":44}},{"start":{"line":44,"column":48},"end":{"line":44,"column":66}}]},"6":{"line":50,"type":"binary-expr","locations":[{"start":{"line":50,"column":21},"end":{"line":50,"column":49}},{"start":{"line":50,"column":53},"end":{"line":50,"column":72}}]},"7":{"line":64,"type":"switch","locations":[{"start":{"line":69,"column":4},"end":{"line":70,"column":14}},{"start":{"line":75,"column":4},"end":{"line":76,"column":14}}]},"8":{"line":85,"type":"switch","locations":[{"start":{"line":90,"column":4},"end":{"line":105,"column":14}},{"start":{"line":111,"column":4},"end":{"line":193,"column":14},"skip":true}]},"9":{"line":91,"type":"binary-expr","locations":[{"start":{"line":91,"column":42},"end":{"line":91,"column":73}},{"start":{"line":91,"column":77},"end":{"line":99,"column":9}}]},"10":{"line":102,"type":"binary-expr","locations":[{"start":{"line":102,"column":18},"end":{"line":102,"column":32}},{"start":{"line":103,"column":12},"end":{"line":103,"column":53}},{"start":{"line":104,"column":12},"end":{"line":104,"column":61}}]},"11":{"line":112,"type":"binary-expr","locations":[{"start":{"line":112,"column":45},"end":{"line":112,"column":79},"skip":true},{"start":{"line":112,"column":83},"end":{"line":121,"column":9},"skip":true}]},"12":{"line":123,"type":"binary-expr","locations":[{"start":{"line":123,"column":42},"end":{"line":123,"column":73},"skip":true},{"start":{"line":123,"column":77},"end":{"line":136,"column":9},"skip":true}]},"13":{"line":138,"type":"binary-expr","locations":[{"start":{"line":138,"column":48},"end":{"line":138,"column":85},"skip":true},{"start":{"line":139,"column":12},"end":{"line":145,"column":13},"skip":true}]},"14":{"line":147,"type":"binary-expr","locations":[{"start":{"line":147,"column":42},"end":{"line":147,"column":73},"skip":true},{"start":{"line":147,"column":77},"end":{"line":156,"column":9},"skip":true}]},"15":{"line":158,"type":"binary-expr","locations":[{"start":{"line":158,"column":45},"end":{"line":158,"column":79},"skip":true},{"start":{"line":158,"column":83},"end":{"line":167,"column":9},"skip":true}]},"16":{"line":169,"type":"binary-expr","locations":[{"start":{"line":169,"column":43},"end":{"line":169,"column":75},"skip":true},{"start":{"line":169,"column":79},"end":{"line":178,"column":9},"skip":true}]},"17":{"line":180,"type":"binary-expr","locations":[{"start":{"line":180,"column":41},"end":{"line":180,"column":71},"skip":true},{"start":{"line":180,"column":75},"end":{"line":189,"column":9},"skip":true}]}},"code":["/* istanbul instrument in package npmtest_bower_requirejs */","/*jslint","    bitwise: true,","    browser: true,","    maxerr: 8,","    maxlen: 96,","    node: true,","    nomen: true,","    regexp: true,","    stupid: true","*/","(function () {","    'use strict';","    var local;","","","","    // run shared js-env code - pre-init","    (function () {","        // init local","        local = {};","        // init modeJs","        local.modeJs = (function () {","            try {","                return typeof navigator.userAgent === 'string' &&","                    typeof document.querySelector('body') === 'object' &&","                    typeof XMLHttpRequest.prototype.open === 'function' &&","                    'browser';","            } catch (errorCaughtBrowser) {","                return module.exports &&","                    typeof process.versions.node === 'string' &&","                    typeof require('http').createServer === 'function' &&","                    'node';","            }","        }());","        // init global","        local.global = local.modeJs === 'browser'","            ? window","            : global;","        switch (local.modeJs) {","        // re-init local from window.local","        case 'browser':","            local = local.global.utility2.objectSetDefault(","                local.global.utility2_rollup || local.global.local,","                local.global.utility2","            );","            break;","        // re-init local from example.js","        case 'node':","            local = (local.global.utility2_rollup || require('utility2'))","                .requireExampleJsFromReadme();","            break;","        }","        // export local","        local.global.local = local;","    }());","","","","    // run shared js-env code - function","    (function () {","        return;","    }());","    switch (local.modeJs) {","","","","    // run browser js-env code - function","    case 'browser':","        break;","","","","    // run node js-env code - function","    case 'node':","        break;","    }","","","","    // run shared js-env code - post-init","    (function () {","        return;","    }());","    switch (local.modeJs) {","","","","    // run browser js-env code - post-init","    case 'browser':","        local.testCase_browser_nullCase = local.testCase_browser_nullCase || function (","            options,","            onError","        ) {","        /*","         * this function will test browsers's null-case handling-behavior-behavior","         */","            onError(null, options);","        };","","        // run tests","        local.nop(local.modeTest &&","            document.querySelector('#testRunButton1') &&","            document.querySelector('#testRunButton1').click());","        break;","","","","    // run node js-env code - post-init","    /* istanbul ignore next */","    case 'node':","        local.testCase_buildApidoc_default = local.testCase_buildApidoc_default || function (","            options,","            onError","        ) {","        /*","         * this function will test buildApidoc's default handling-behavior-behavior","         */","            options = { modulePathList: module.paths };","            local.buildApidoc(options, onError);","        };","","        local.testCase_buildApp_default = local.testCase_buildApp_default || function (","            options,","            onError","        ) {","        /*","         * this function will test buildApp's default handling-behavior-behavior","         */","            local.testCase_buildReadme_default(options, local.onErrorThrow);","            local.testCase_buildLib_default(options, local.onErrorThrow);","            local.testCase_buildTest_default(options, local.onErrorThrow);","            local.testCase_buildCustomOrg_default(options, local.onErrorThrow);","            options = [];","            local.buildApp(options, onError);","        };","","        local.testCase_buildCustomOrg_default = local.testCase_buildCustomOrg_default ||","            function (options, onError) {","            /*","             * this function will test buildCustomOrg's default handling-behavior","             */","                options = {};","                local.buildCustomOrg(options, onError);","            };","","        local.testCase_buildLib_default = local.testCase_buildLib_default || function (","            options,","            onError","        ) {","        /*","         * this function will test buildLib's default handling-behavior","         */","            options = {};","            local.buildLib(options, onError);","        };","","        local.testCase_buildReadme_default = local.testCase_buildReadme_default || function (","            options,","            onError","        ) {","        /*","         * this function will test buildReadme's default handling-behavior-behavior","         */","            options = {};","            local.buildReadme(options, onError);","        };","","        local.testCase_buildTest_default = local.testCase_buildTest_default || function (","            options,","            onError","        ) {","        /*","         * this function will test buildTest's default handling-behavior","         */","            options = {};","            local.buildTest(options, onError);","        };","","        local.testCase_webpage_default = local.testCase_webpage_default || function (","            options,","            onError","        ) {","        /*","         * this function will test webpage's default handling-behavior","         */","            options = { modeCoverageMerge: true, url: local.serverLocalHost + '?modeTest=1' };","            local.browserTest(options, onError);","        };","","        // run test-server","        local.testRunServer(local);","        break;","    }","}());",""],"l":{"12":2,"14":2,"19":2,"21":2,"23":2,"24":2,"25":2,"30":1,"37":2,"40":2,"43":1,"47":1,"50":1,"52":1,"55":2,"61":2,"62":2,"64":2,"70":1,"76":1,"82":2,"83":2,"85":2,"91":1,"98":1,"102":1,"105":1,"112":1,"119":1,"120":1,"123":1,"130":1,"131":1,"132":1,"133":1,"134":1,"135":1,"138":1,"143":2,"144":2,"147":1,"154":2,"155":2,"158":1,"165":2,"166":2,"169":1,"176":2,"177":2,"180":1,"187":1,"188":1,"192":1,"193":1}},"/home/travis/build/npmtest/node-npmtest-bower-requirejs/lib.npmtest_bower_requirejs.js":{"path":"/home/travis/build/npmtest/node-npmtest-bower-requirejs/lib.npmtest_bower_requirejs.js","s":{"1":2,"2":2,"3":2,"4":2,"5":2,"6":2,"7":2,"8":1,"9":2,"10":2,"11":2,"12":2,"13":1,"14":1,"15":1,"16":1},"b":{"1":[2,1,1,1],"2":[1,1,1,1],"3":[1,1],"4":[2,2],"5":[1,1]},"f":{"1":2,"2":2,"3":2},"fnMap":{"1":{"name":"(anonymous_1)","line":12,"loc":{"start":{"line":12,"column":1},"end":{"line":12,"column":13}}},"2":{"name":"(anonymous_2)","line":19,"loc":{"start":{"line":19,"column":5},"end":{"line":19,"column":17}}},"3":{"name":"(anonymous_3)","line":23,"loc":{"start":{"line":23,"column":24},"end":{"line":23,"column":36}}}},"statementMap":{"1":{"start":{"line":12,"column":0},"end":{"line":53,"column":5}},"2":{"start":{"line":14,"column":4},"end":{"line":14,"column":14}},"3":{"start":{"line":19,"column":4},"end":{"line":52,"column":9}},"4":{"start":{"line":21,"column":8},"end":{"line":21,"column":19}},"5":{"start":{"line":23,"column":8},"end":{"line":35,"column":13}},"6":{"start":{"line":24,"column":12},"end":{"line":34,"column":13}},"7":{"start":{"line":25,"column":16},"end":{"line":28,"column":30}},"8":{"start":{"line":30,"column":16},"end":{"line":33,"column":27}},"9":{"start":{"line":37,"column":8},"end":{"line":39,"column":21}},"10":{"start":{"line":41,"column":8},"end":{"line":41,"column":54}},"11":{"start":{"line":43,"column":8},"end":{"line":43,"column":60}},"12":{"start":{"line":45,"column":8},"end":{"line":51,"column":9}},"13":{"start":{"line":46,"column":12},"end":{"line":46,"column":66}},"14":{"start":{"line":48,"column":12},"end":{"line":48,"column":35}},"15":{"start":{"line":49,"column":12},"end":{"line":49,"column":49}},"16":{"start":{"line":50,"column":12},"end":{"line":50,"column":43}}},"branchMap":{"1":{"line":25,"type":"binary-expr","locations":[{"start":{"line":25,"column":23},"end":{"line":25,"column":62}},{"start":{"line":26,"column":20},"end":{"line":26,"column":70}},{"start":{"line":27,"column":20},"end":{"line":27,"column":71}},{"start":{"line":28,"column":20},"end":{"line":28,"column":29}}]},"2":{"line":30,"type":"binary-expr","locations":[{"start":{"line":30,"column":23},"end":{"line":30,"column":37}},{"start":{"line":31,"column":20},"end":{"line":31,"column":61}},{"start":{"line":32,"column":20},"end":{"line":32,"column":70}},{"start":{"line":33,"column":20},"end":{"line":33,"column":26}}]},"3":{"line":37,"type":"cond-expr","locations":[{"start":{"line":38,"column":14},"end":{"line":38,"column":20}},{"start":{"line":39,"column":14},"end":{"line":39,"column":20}}]},"4":{"line":41,"type":"binary-expr","locations":[{"start":{"line":41,"column":16},"end":{"line":41,"column":44}},{"start":{"line":41,"column":48},"end":{"line":41,"column":53}}]},"5":{"line":45,"type":"if","locations":[{"start":{"line":45,"column":8},"end":{"line":45,"column":8}},{"start":{"line":45,"column":8},"end":{"line":45,"column":8}}]}},"code":["/* istanbul instrument in package npmtest_bower_requirejs */","/*jslint","    bitwise: true,","    browser: true,","    maxerr: 8,","    maxlen: 96,","    node: true,","    nomen: true,","    regexp: true,","    stupid: true","*/","(function () {","    'use strict';","    var local;","","","","    // run shared js-env code - pre-init","    (function () {","        // init local","        local = {};","        // init modeJs","        local.modeJs = (function () {","            try {","                return typeof navigator.userAgent === 'string' &&","                    typeof document.querySelector('body') === 'object' &&","                    typeof XMLHttpRequest.prototype.open === 'function' &&","                    'browser';","            } catch (errorCaughtBrowser) {","                return module.exports &&","                    typeof process.versions.node === 'string' &&","                    typeof require('http').createServer === 'function' &&","                    'node';","            }","        }());","        // init global","        local.global = local.modeJs === 'browser'","            ? window","            : global;","        // init utility2_rollup","        local = local.global.utility2_rollup || local;","        // init lib","        local.local = local.npmtest_bower_requirejs = local;","        // init exports","        if (local.modeJs === 'browser') {","            local.global.utility2_npmtest_bower_requirejs = local;","        } else {","            module.exports = local;","            module.exports.__dirname = __dirname;","            module.exports.module = module;","        }","    }());","}());",""],"l":{"12":2,"14":2,"19":2,"21":2,"23":2,"24":2,"25":2,"30":1,"37":2,"41":2,"43":2,"45":2,"46":1,"48":1,"49":1,"50":1}},"/home/travis/build/npmtest/node-npmtest-bower-requirejs/example.js":{"path":"/home/travis/build/npmtest/node-npmtest-bower-requirejs/example.js","s":{"1":2,"2":2,"3":2,"4":2,"5":2,"6":2,"7":2,"8":1,"9":2,"10":2,"11":2,"12":2,"13":1,"14":2,"15":2,"16":2,"17":2,"18":2,"19":0,"20":2,"21":1,"22":1,"23":1,"24":1,"25":1,"26":0,"27":0,"28":1,"29":1,"30":2,"31":0,"32":0,"33":0,"34":1,"35":2,"36":2,"37":3,"38":3,"39":3,"40":3,"41":0,"42":3,"43":3,"44":3,"45":1,"46":3,"47":1,"48":1,"49":1,"50":1,"51":1,"52":1,"53":1,"54":1,"55":1,"56":1,"57":0,"58":1,"59":6,"60":6,"61":1,"62":2,"63":0,"64":2,"65":1,"66":1,"67":0,"68":0,"69":0,"70":0,"71":0,"72":0,"73":0,"74":0,"75":0,"76":0,"77":0,"78":0,"79":0,"80":0,"81":0,"82":0,"83":0},"b":{"1":[2,1,1,1],"2":[1,1,1,1],"3":[1,1],"4":[2,2],"5":[1,1],"6":[1,1],"7":[2,0],"8":[2,1,1,1,1,1],"9":[0,2,0],"10":[1,1],"11":[2,1,1],"12":[1,0],"13":[0,2],"14":[2,0,0,0,0,0,0],"15":[0,3],"16":[3,0],"17":[1,1],"18":[0,1],"19":[1,2,0,2],"20":[1,0],"21":[1,1],"22":[0,0],"23":[0,0],"24":[0,0],"25":[0,0],"26":[0,0],"27":[0,0],"28":[0,0]},"f":{"1":2,"2":2,"3":2,"4":2,"5":2,"6":2,"7":3,"8":3,"9":3,"10":1,"11":6,"12":0},"fnMap":{"1":{"name":"(anonymous_1)","line":26,"loc":{"start":{"line":26,"column":1},"end":{"line":26,"column":13}}},"2":{"name":"(anonymous_2)","line":33,"loc":{"start":{"line":33,"column":5},"end":{"line":33,"column":17}}},"3":{"name":"(anonymous_3)","line":37,"loc":{"start":{"line":37,"column":24},"end":{"line":37,"column":36}}},"4":{"name":"(anonymous_4)","line":69,"loc":{"start":{"line":69,"column":31},"end":{"line":69,"column":48}},"skip":true},"5":{"name":"(anonymous_5)","line":78,"loc":{"start":{"line":78,"column":26},"end":{"line":78,"column":45}},"skip":true},"6":{"name":"(anonymous_6)","line":123,"loc":{"start":{"line":123,"column":33},"end":{"line":123,"column":48}},"skip":true},"7":{"name":"(anonymous_7)","line":125,"loc":{"start":{"line":125,"column":27},"end":{"line":125,"column":39}},"skip":true},"8":{"name":"(anonymous_8)","line":133,"loc":{"start":{"line":133,"column":59},"end":{"line":133,"column":74}},"skip":true},"9":{"name":"(anonymous_9)","line":143,"loc":{"start":{"line":143,"column":45},"end":{"line":143,"column":62}},"skip":true},"10":{"name":"(anonymous_10)","line":144,"loc":{"start":{"line":144,"column":73},"end":{"line":144,"column":92}},"skip":true},"11":{"name":"(anonymous_11)","line":272,"loc":{"start":{"line":272,"column":51},"end":{"line":272,"column":77}},"skip":true},"12":{"name":"(anonymous_12)","line":315,"loc":{"start":{"line":315,"column":32},"end":{"line":315,"column":61}},"skip":true}},"statementMap":{"1":{"start":{"line":26,"column":0},"end":{"line":326,"column":5}},"2":{"start":{"line":28,"column":4},"end":{"line":28,"column":14}},"3":{"start":{"line":33,"column":4},"end":{"line":60,"column":9}},"4":{"start":{"line":35,"column":8},"end":{"line":35,"column":19}},"5":{"start":{"line":37,"column":8},"end":{"line":49,"column":13}},"6":{"start":{"line":38,"column":12},"end":{"line":48,"column":13}},"7":{"start":{"line":39,"column":16},"end":{"line":42,"column":30}},"8":{"start":{"line":44,"column":16},"end":{"line":47,"column":27}},"9":{"start":{"line":51,"column":8},"end":{"line":53,"column":21}},"10":{"start":{"line":55,"column":8},"end":{"line":57,"column":45}},"11":{"start":{"line":59,"column":8},"end":{"line":59,"column":35}},"12":{"start":{"line":61,"column":4},"end":{"line":325,"column":5}},"13":{"start":{"line":69,"column":8},"end":{"line":121,"column":10},"skip":true},"14":{"start":{"line":70,"column":12},"end":{"line":88,"column":13},"skip":true},"15":{"start":{"line":76,"column":16},"end":{"line":87,"column":19},"skip":true},"16":{"start":{"line":79,"column":20},"end":{"line":86,"column":21},"skip":true},"17":{"start":{"line":82,"column":24},"end":{"line":82,"column":43},"skip":true},"18":{"start":{"line":83,"column":24},"end":{"line":83,"column":30},"skip":true},"19":{"start":{"line":85,"column":24},"end":{"line":85,"column":49},"skip":true},"20":{"start":{"line":89,"column":12},"end":{"line":107,"column":13},"skip":true},"21":{"start":{"line":92,"column":16},"end":{"line":102,"column":17},"skip":true},"22":{"start":{"line":93,"column":20},"end":{"line":93,"column":86},"skip":true},"23":{"start":{"line":94,"column":20},"end":{"line":95,"column":45},"skip":true},"24":{"start":{"line":96,"column":20},"end":{"line":96,"column":42},"skip":true},"25":{"start":{"line":97,"column":20},"end":{"line":97,"column":48},"skip":true},"26":{"start":{"line":100,"column":20},"end":{"line":100,"column":85},"skip":true},"27":{"start":{"line":101,"column":20},"end":{"line":101,"column":96},"skip":true},"28":{"start":{"line":103,"column":16},"end":{"line":103,"column":22},"skip":true},"29":{"start":{"line":106,"column":16},"end":{"line":106,"column":22},"skip":true},"30":{"start":{"line":108,"column":12},"end":{"line":120,"column":13},"skip":true},"31":{"start":{"line":114,"column":16},"end":{"line":119,"column":17},"skip":true},"32":{"start":{"line":116,"column":20},"end":{"line":116,"column":78},"skip":true},"33":{"start":{"line":118,"column":20},"end":{"line":118,"column":47},"skip":true},"34":{"start":{"line":123,"column":8},"end":{"line":141,"column":11},"skip":true},"35":{"start":{"line":124,"column":12},"end":{"line":124,"column":54},"skip":true},"36":{"start":{"line":125,"column":12},"end":{"line":140,"column":14},"skip":true},"37":{"start":{"line":126,"column":16},"end":{"line":126,"column":28},"skip":true},"38":{"start":{"line":127,"column":16},"end":{"line":127,"column":69},"skip":true},"39":{"start":{"line":128,"column":16},"end":{"line":128,"column":75},"skip":true},"40":{"start":{"line":129,"column":16},"end":{"line":131,"column":17},"skip":true},"41":{"start":{"line":130,"column":20},"end":{"line":130,"column":27},"skip":true},"42":{"start":{"line":133,"column":16},"end":{"line":137,"column":36},"skip":true},"43":{"start":{"line":134,"column":20},"end":{"line":136,"column":55},"skip":true},"44":{"start":{"line":139,"column":16},"end":{"line":139,"column":57},"skip":true},"45":{"start":{"line":143,"column":8},"end":{"line":147,"column":11},"skip":true},"46":{"start":{"line":144,"column":12},"end":{"line":146,"column":15},"skip":true},"47":{"start":{"line":145,"column":16},"end":{"line":145,"column":70},"skip":true},"48":{"start":{"line":149,"column":8},"end":{"line":149,"column":31},"skip":true},"49":{"start":{"line":150,"column":8},"end":{"line":150,"column":14},"skip":true},"50":{"start":{"line":158,"column":8},"end":{"line":158,"column":31},"skip":true},"51":{"start":{"line":160,"column":8},"end":{"line":160,"column":33},"skip":true},"52":{"start":{"line":161,"column":8},"end":{"line":161,"column":37},"skip":true},"53":{"start":{"line":162,"column":8},"end":{"line":162,"column":35},"skip":true},"54":{"start":{"line":164,"column":8},"end":{"line":164,"column":50},"skip":true},"55":{"start":{"line":166,"column":8},"end":{"line":256,"column":2},"skip":true},"56":{"start":{"line":258,"column":8},"end":{"line":286,"column":9},"skip":true},"57":{"start":{"line":259,"column":12},"end":{"line":269,"column":14},"skip":true},"58":{"start":{"line":271,"column":12},"end":{"line":285,"column":19},"skip":true},"59":{"start":{"line":274,"column":20},"end":{"line":274,"column":35},"skip":true},"60":{"start":{"line":275,"column":20},"end":{"line":284,"column":21},"skip":true},"61":{"start":{"line":277,"column":24},"end":{"line":277,"column":64},"skip":true},"62":{"start":{"line":279,"column":24},"end":{"line":279,"column":40},"skip":true},"63":{"start":{"line":281,"column":24},"end":{"line":281,"column":40},"skip":true},"64":{"start":{"line":283,"column":24},"end":{"line":283,"column":39},"skip":true},"65":{"start":{"line":288,"column":8},"end":{"line":290,"column":9},"skip":true},"66":{"start":{"line":289,"column":12},"end":{"line":289,"column":18},"skip":true},"67":{"start":{"line":291,"column":8},"end":{"line":293,"column":54},"skip":true},"68":{"start":{"line":296,"column":8},"end":{"line":301,"column":37},"skip":true},"69":{"start":{"line":303,"column":8},"end":{"line":303,"column":82},"skip":true},"70":{"start":{"line":306,"column":8},"end":{"line":308,"column":9},"skip":true},"71":{"start":{"line":307,"column":12},"end":{"line":307,"column":82},"skip":true},"72":{"start":{"line":310,"column":8},"end":{"line":312,"column":9},"skip":true},"73":{"start":{"line":311,"column":12},"end":{"line":311,"column":18},"skip":true},"74":{"start":{"line":313,"column":8},"end":{"line":313,"column":54},"skip":true},"75":{"start":{"line":314,"column":8},"end":{"line":314,"column":69},"skip":true},"76":{"start":{"line":315,"column":8},"end":{"line":323,"column":36},"skip":true},"77":{"start":{"line":316,"column":12},"end":{"line":316,"column":61},"skip":true},"78":{"start":{"line":317,"column":12},"end":{"line":320,"column":13},"skip":true},"79":{"start":{"line":318,"column":16},"end":{"line":318,"column":75},"skip":true},"80":{"start":{"line":319,"column":16},"end":{"line":319,"column":23},"skip":true},"81":{"start":{"line":321,"column":12},"end":{"line":321,"column":38},"skip":true},"82":{"start":{"line":322,"column":12},"end":{"line":322,"column":27},"skip":true},"83":{"start":{"line":324,"column":8},"end":{"line":324,"column":14},"skip":true}},"branchMap":{"1":{"line":39,"type":"binary-expr","locations":[{"start":{"line":39,"column":23},"end":{"line":39,"column":62}},{"start":{"line":40,"column":20},"end":{"line":40,"column":70}},{"start":{"line":41,"column":20},"end":{"line":41,"column":71}},{"start":{"line":42,"column":20},"end":{"line":42,"column":29}}]},"2":{"line":44,"type":"binary-expr","locations":[{"start":{"line":44,"column":23},"end":{"line":44,"column":37}},{"start":{"line":45,"column":20},"end":{"line":45,"column":61}},{"start":{"line":46,"column":20},"end":{"line":46,"column":70}},{"start":{"line":47,"column":20},"end":{"line":47,"column":26}}]},"3":{"line":51,"type":"cond-expr","locations":[{"start":{"line":52,"column":14},"end":{"line":52,"column":20}},{"start":{"line":53,"column":14},"end":{"line":53,"column":20}}]},"4":{"line":55,"type":"binary-expr","locations":[{"start":{"line":55,"column":16},"end":{"line":55,"column":44}},{"start":{"line":55,"column":49},"end":{"line":57,"column":43}}]},"5":{"line":55,"type":"cond-expr","locations":[{"start":{"line":56,"column":14},"end":{"line":56,"column":59}},{"start":{"line":57,"column":14},"end":{"line":57,"column":43}}]},"6":{"line":61,"type":"switch","locations":[{"start":{"line":68,"column":4},"end":{"line":150,"column":14},"skip":true},{"start":{"line":156,"column":4},"end":{"line":324,"column":14},"skip":true}]},"7":{"line":70,"type":"if","locations":[{"start":{"line":70,"column":12},"end":{"line":70,"column":12},"skip":true},{"start":{"line":70,"column":12},"end":{"line":70,"column":12},"skip":true}]},"8":{"line":70,"type":"binary-expr","locations":[{"start":{"line":70,"column":16},"end":{"line":70,"column":22},"skip":true},{"start":{"line":70,"column":27},"end":{"line":70,"column":32},"skip":true},{"start":{"line":71,"column":20},"end":{"line":71,"column":39},"skip":true},{"start":{"line":72,"column":20},"end":{"line":72,"column":49},"skip":true},{"start":{"line":73,"column":20},"end":{"line":73,"column":58},"skip":true},{"start":{"line":74,"column":20},"end":{"line":74,"column":69},"skip":true}]},"9":{"line":79,"type":"switch","locations":[{"start":{"line":80,"column":20},"end":{"line":80,"column":33},"skip":true},{"start":{"line":81,"column":20},"end":{"line":83,"column":30},"skip":true},{"start":{"line":84,"column":20},"end":{"line":85,"column":49},"skip":true}]},"10":{"line":89,"type":"switch","locations":[{"start":{"line":90,"column":12},"end":{"line":103,"column":22},"skip":true},{"start":{"line":105,"column":12},"end":{"line":106,"column":22},"skip":true}]},"11":{"line":89,"type":"binary-expr","locations":[{"start":{"line":89,"column":20},"end":{"line":89,"column":25},"skip":true},{"start":{"line":89,"column":29},"end":{"line":89,"column":48},"skip":true},{"start":{"line":89,"column":52},"end":{"line":89,"column":74},"skip":true}]},"12":{"line":92,"type":"if","locations":[{"start":{"line":92,"column":16},"end":{"line":92,"column":16},"skip":true},{"start":{"line":92,"column":16},"end":{"line":92,"column":16},"skip":true}]},"13":{"line":108,"type":"if","locations":[{"start":{"line":108,"column":12},"end":{"line":108,"column":12},"skip":true},{"start":{"line":108,"column":12},"end":{"line":108,"column":12},"skip":true}]},"14":{"line":108,"type":"binary-expr","locations":[{"start":{"line":108,"column":16},"end":{"line":108,"column":61},"skip":true},{"start":{"line":108,"column":66},"end":{"line":108,"column":72},"skip":true},{"start":{"line":108,"column":77},"end":{"line":108,"column":82},"skip":true},{"start":{"line":109,"column":20},"end":{"line":109,"column":39},"skip":true},{"start":{"line":110,"column":20},"end":{"line":110,"column":49},"skip":true},{"start":{"line":111,"column":20},"end":{"line":111,"column":58},"skip":true},{"start":{"line":112,"column":20},"end":{"line":112,"column":68},"skip":true}]},"15":{"line":129,"type":"if","locations":[{"start":{"line":129,"column":16},"end":{"line":129,"column":16},"skip":true},{"start":{"line":129,"column":16},"end":{"line":129,"column":16},"skip":true}]},"16":{"line":134,"type":"cond-expr","locations":[{"start":{"line":135,"column":26},"end":{"line":135,"column":29},"skip":true},{"start":{"line":136,"column":26},"end":{"line":136,"column":54},"skip":true}]},"17":{"line":164,"type":"binary-expr","locations":[{"start":{"line":164,"column":27},"end":{"line":164,"column":43},"skip":true},{"start":{"line":164,"column":47},"end":{"line":164,"column":49},"skip":true}]},"18":{"line":258,"type":"if","locations":[{"start":{"line":258,"column":8},"end":{"line":258,"column":8},"skip":true},{"start":{"line":258,"column":8},"end":{"line":258,"column":8},"skip":true}]},"19":{"line":275,"type":"switch","locations":[{"start":{"line":276,"column":20},"end":{"line":277,"column":64},"skip":true},{"start":{"line":278,"column":20},"end":{"line":279,"column":40},"skip":true},{"start":{"line":280,"column":20},"end":{"line":281,"column":40},"skip":true},{"start":{"line":282,"column":20},"end":{"line":283,"column":39},"skip":true}]},"20":{"line":288,"type":"if","locations":[{"start":{"line":288,"column":8},"end":{"line":288,"column":8},"skip":true},{"start":{"line":288,"column":8},"end":{"line":288,"column":8},"skip":true}]},"21":{"line":288,"type":"binary-expr","locations":[{"start":{"line":288,"column":12},"end":{"line":288,"column":40},"skip":true},{"start":{"line":288,"column":44},"end":{"line":288,"column":67},"skip":true}]},"22":{"line":292,"type":"binary-expr","locations":[{"start":{"line":292,"column":12},"end":{"line":292,"column":50},"skip":true},{"start":{"line":293,"column":12},"end":{"line":293,"column":53},"skip":true}]},"23":{"line":297,"type":"binary-expr","locations":[{"start":{"line":297,"column":12},"end":{"line":297,"column":73},"skip":true},{"start":{"line":298,"column":12},"end":{"line":301,"column":36},"skip":true}]},"24":{"line":303,"type":"binary-expr","locations":[{"start":{"line":303,"column":43},"end":{"line":303,"column":75},"skip":true},{"start":{"line":303,"column":79},"end":{"line":303,"column":81},"skip":true}]},"25":{"line":306,"type":"if","locations":[{"start":{"line":306,"column":8},"end":{"line":306,"column":8},"skip":true},{"start":{"line":306,"column":8},"end":{"line":306,"column":8},"skip":true}]},"26":{"line":310,"type":"if","locations":[{"start":{"line":310,"column":8},"end":{"line":310,"column":8},"skip":true},{"start":{"line":310,"column":8},"end":{"line":310,"column":8},"skip":true}]},"27":{"line":313,"type":"binary-expr","locations":[{"start":{"line":313,"column":27},"end":{"line":313,"column":43},"skip":true},{"start":{"line":313,"column":47},"end":{"line":313,"column":53},"skip":true}]},"28":{"line":317,"type":"if","locations":[{"start":{"line":317,"column":12},"end":{"line":317,"column":12},"skip":true},{"start":{"line":317,"column":12},"end":{"line":317,"column":12},"skip":true}]}},"code":["/*","example.js","","quickstart example","","instruction","    1. save this script as example.js","    2. run the shell command:","        $ npm install npmtest-bower-requirejs && PORT=8081 node example.js","    3. play with the browser-demo on http://127.0.0.1:8081","*/","","","","/* istanbul instrument in package npmtest_bower_requirejs */","/*jslint","    bitwise: true,","    browser: true,","    maxerr: 8,","    maxlen: 96,","    node: true,","    nomen: true,","    regexp: true,","    stupid: true","*/","(function () {","    'use strict';","    var local;","","","","    // run shared js-env code - pre-init","    (function () {","        // init local","        local = {};","        // init modeJs","        local.modeJs = (function () {","            try {","                return typeof navigator.userAgent === 'string' &&","                    typeof document.querySelector('body') === 'object' &&","                    typeof XMLHttpRequest.prototype.open === 'function' &&","                    'browser';","            } catch (errorCaughtBrowser) {","                return module.exports &&","                    typeof process.versions.node === 'string' &&","                    typeof require('http').createServer === 'function' &&","                    'node';","            }","        }());","        // init global","        local.global = local.modeJs === 'browser'","            ? window","            : global;","        // init utility2_rollup","        local = local.global.utility2_rollup || (local.modeJs === 'browser'","            ? local.global.utility2_npmtest_bower_requirejs","            : global.utility2_moduleExports);","        // export local","        local.global.local = local;","    }());","    switch (local.modeJs) {","","","","    // post-init","    // run browser js-env code - post-init","    /* istanbul ignore next */","    case 'browser':","        local.testRunBrowser = function (event) {","            if (!event || (event &&","                    event.currentTarget &&","                    event.currentTarget.className &&","                    event.currentTarget.className.includes &&","                    event.currentTarget.className.includes('onreset'))) {","                // reset output","                Array.from(","                    document.querySelectorAll('body > .resettable')","                ).forEach(function (element) {","                    switch (element.tagName) {","                    case 'INPUT':","                    case 'TEXTAREA':","                        element.value = '';","                        break;","                    default:","                        element.textContent = '';","                    }","                });","            }","            switch (event && event.currentTarget && event.currentTarget.id) {","            case 'testRunButton1':","                // show tests","                if (document.querySelector('#testReportDiv1').style.display === 'none') {","                    document.querySelector('#testReportDiv1').style.display = 'block';","                    document.querySelector('#testRunButton1').textContent =","                        'hide internal test';","                    local.modeTest = true;","                    local.testRunDefault(local);","                // hide tests","                } else {","                    document.querySelector('#testReportDiv1').style.display = 'none';","                    document.querySelector('#testRunButton1').textContent = 'run internal test';","                }","                break;","            // custom-case","            default:","                break;","            }","            if (document.querySelector('#inputTextareaEval1') && (!event || (event &&","                    event.currentTarget &&","                    event.currentTarget.className &&","                    event.currentTarget.className.includes &&","                    event.currentTarget.className.includes('oneval')))) {","                // try to eval input-code","                try {","                    /*jslint evil: true*/","                    eval(document.querySelector('#inputTextareaEval1').value);","                } catch (errorCaught) {","                    console.error(errorCaught);","                }","            }","        };","        // log stderr and stdout to #outputTextareaStdout1","        ['error', 'log'].forEach(function (key) {","            console[key + '_original'] = console[key];","            console[key] = function () {","                var element;","                console[key + '_original'].apply(console, arguments);","                element = document.querySelector('#outputTextareaStdout1');","                if (!element) {","                    return;","                }","                // append text to #outputTextareaStdout1","                element.value += Array.from(arguments).map(function (arg) {","                    return typeof arg === 'string'","                        ? arg","                        : JSON.stringify(arg, null, 4);","                }).join(' ') + '\\n';","                // scroll textarea to bottom","                element.scrollTop = element.scrollHeight;","            };","        });","        // init event-handling","        ['change', 'click', 'keyup'].forEach(function (event) {","            Array.from(document.querySelectorAll('.on' + event)).forEach(function (element) {","                element.addEventListener(event, local.testRunBrowser);","            });","        });","        // run tests","        local.testRunBrowser();","        break;","","","","    // run node js-env code - post-init","    /* istanbul ignore next */","    case 'node':","        // export local","        module.exports = local;","        // require modules","        local.fs = require('fs');","        local.http = require('http');","        local.url = require('url');","        // init assets","        local.assetsDict = local.assetsDict || {};","        /* jslint-ignore-begin */","        local.assetsDict['/assets.index.template.html'] = '\\","<!doctype html>\\n\\","<html lang=\"en\">\\n\\","<head>\\n\\","<meta charset=\"UTF-8\">\\n\\","<meta name=\"viewport\" content=\"width=device-width, initial-scale=1\">\\n\\","<title>{{env.npm_package_name}} (v{{env.npm_package_version}})</title>\\n\\","<style>\\n\\","/*csslint\\n\\","    box-sizing: false,\\n\\","    universal-selector: false\\n\\","*/\\n\\","* {\\n\\","    box-sizing: border-box;\\n\\","}\\n\\","body {\\n\\","    background: #dde;\\n\\","    font-family: Arial, Helvetica, sans-serif;\\n\\","    margin: 2rem;\\n\\","}\\n\\","body > * {\\n\\","    margin-bottom: 1rem;\\n\\","}\\n\\",".utility2FooterDiv {\\n\\","    margin-top: 20px;\\n\\","    text-align: center;\\n\\","}\\n\\","</style>\\n\\","<style>\\n\\","/*csslint\\n\\","*/\\n\\","textarea {\\n\\","    font-family: monospace;\\n\\","    height: 10rem;\\n\\","    width: 100%;\\n\\","}\\n\\","textarea[readonly] {\\n\\","    background: #ddd;\\n\\","}\\n\\","</style>\\n\\","</head>\\n\\","<body>\\n\\","<!-- utility2-comment\\n\\","<div id=\"ajaxProgressDiv1\" style=\"background: #d00; height: 2px; left: 0; margin: 0; padding: 0; position: fixed; top: 0; transition: background 0.5s, width 1.5s; width: 25%;\"></div>\\n\\","utility2-comment -->\\n\\","<h1>\\n\\","<!-- utility2-comment\\n\\","    <a\\n\\","        {{#if env.npm_package_homepage}}\\n\\","        href=\"{{env.npm_package_homepage}}\"\\n\\","        {{/if env.npm_package_homepage}}\\n\\","        target=\"_blank\"\\n\\","    >\\n\\","utility2-comment -->\\n\\","        {{env.npm_package_name}} (v{{env.npm_package_version}})\\n\\","<!-- utility2-comment\\n\\","    </a>\\n\\","utility2-comment -->\\n\\","</h1>\\n\\","<h3>{{env.npm_package_description}}</h3>\\n\\","<!-- utility2-comment\\n\\","<h4><a download href=\"assets.app.js\">download standalone app</a></h4>\\n\\","<button class=\"onclick onreset\" id=\"testRunButton1\">run internal test</button><br>\\n\\","<div id=\"testReportDiv1\" style=\"display: none;\"></div>\\n\\","utility2-comment -->\\n\\","\\n\\","\\n\\","\\n\\","<label>stderr and stdout</label>\\n\\","<textarea class=\"resettable\" id=\"outputTextareaStdout1\" readonly></textarea>\\n\\","<!-- utility2-comment\\n\\","{{#if isRollup}}\\n\\","<script src=\"assets.app.js\"></script>\\n\\","{{#unless isRollup}}\\n\\","utility2-comment -->\\n\\","<script src=\"assets.utility2.rollup.js\"></script>\\n\\","<script src=\"jsonp.utility2._stateInit?callback=window.utility2._stateInit\"></script>\\n\\","<script src=\"assets.npmtest_bower_requirejs.rollup.js\"></script>\\n\\","<script src=\"assets.example.js\"></script>\\n\\","<script src=\"assets.test.js\"></script>\\n\\","<!-- utility2-comment\\n\\","{{/if isRollup}}\\n\\","utility2-comment -->\\n\\","<div class=\"utility2FooterDiv\">\\n\\","    [ this app was created with\\n\\","    <a href=\"https://github.com/kaizhu256/node-utility2\" target=\"_blank\">utility2</a>\\n\\","    ]\\n\\","</div>\\n\\","</body>\\n\\","</html>\\n\\","';","        /* jslint-ignore-end */","        if (local.templateRender) {","            local.assetsDict['/'] = local.templateRender(","                local.assetsDict['/assets.index.template.html'],","                {","                    env: local.objectSetDefault(local.env, {","                        npm_package_description: 'the greatest app in the world!',","                        npm_package_name: 'my-app',","                        npm_package_nameAlias: 'my_app',","                        npm_package_version: '0.0.1'","                    })","                }","            );","        } else {","            local.assetsDict['/'] = local.assetsDict['/assets.index.template.html']","                .replace((/\\{\\{env\\.(\\w+?)\\}\\}/g), function (match0, match1) {","                    // jslint-hack","                    String(match0);","                    switch (match1) {","                    case 'npm_package_description':","                        return 'the greatest app in the world!';","                    case 'npm_package_name':","                        return 'my-app';","                    case 'npm_package_nameAlias':","                        return 'my_app';","                    case 'npm_package_version':","                        return '0.0.1';","                    }","                });","        }","        // run the cli","        if (local.global.utility2_rollup || module !== require.main) {","            break;","        }","        local.assetsDict['/assets.example.js'] =","            local.assetsDict['/assets.example.js'] ||","            local.fs.readFileSync(__filename, 'utf8');","        // bug-workaround - long $npm_package_buildCustomOrg","        /* jslint-ignore-begin */","        local.assetsDict['/assets.npmtest_bower_requirejs.rollup.js'] =","            local.assetsDict['/assets.npmtest_bower_requirejs.rollup.js'] ||","            local.fs.readFileSync(","                local.npmtest_bower_requirejs.__dirname + '/lib.npmtest_bower_requirejs.js',","                'utf8'","            ).replace((/^#!/), '//');","        /* jslint-ignore-end */","        local.assetsDict['/favicon.ico'] = local.assetsDict['/favicon.ico'] || '';","        // if $npm_config_timeout_exit exists,","        // then exit this process after $npm_config_timeout_exit ms","        if (Number(process.env.npm_config_timeout_exit)) {","            setTimeout(process.exit, Number(process.env.npm_config_timeout_exit));","        }","        // start server","        if (local.global.utility2_serverHttp1) {","            break;","        }","        process.env.PORT = process.env.PORT || '8081';","        console.error('server starting on port ' + process.env.PORT);","        local.http.createServer(function (request, response) {","            request.urlParsed = local.url.parse(request.url);","            if (local.assetsDict[request.urlParsed.pathname] !== undefined) {","                response.end(local.assetsDict[request.urlParsed.pathname]);","                return;","            }","            response.statusCode = 404;","            response.end();","        }).listen(process.env.PORT);","        break;","    }","}());",""],"l":{"26":2,"28":2,"33":2,"35":2,"37":2,"38":2,"39":2,"44":1,"51":2,"55":2,"59":2,"61":2,"69":1,"70":2,"76":2,"79":2,"82":2,"83":2,"85":1,"89":2,"92":1,"93":1,"94":1,"96":1,"97":1,"100":1,"101":1,"103":1,"106":1,"108":2,"114":1,"116":1,"118":1,"123":1,"124":2,"125":2,"126":3,"127":3,"128":3,"129":3,"130":1,"133":3,"134":3,"139":3,"143":1,"144":3,"145":1,"149":1,"150":1,"158":1,"160":1,"161":1,"162":1,"164":1,"166":1,"258":1,"259":1,"271":1,"274":6,"275":6,"277":1,"279":2,"281":1,"283":2,"288":1,"289":1,"291":1,"296":1,"303":1,"306":1,"307":1,"310":1,"311":1,"313":1,"314":1,"315":1,"316":1,"317":1,"318":1,"319":1,"321":1,"322":1,"324":1}},"/home/travis/build/npmtest/node-npmtest-bower-requirejs/node_modules/bower-requirejs/lib/index.js":{"path":"/home/travis/build/npmtest/node-npmtest-bower-requirejs/node_modules/bower-requirejs/lib/index.js","s":{"1":1,"2":1,"3":1,"4":1,"5":1,"6":1,"7":1,"8":1,"9":1,"10":1,"11":1,"12":1,"13":1,"14":1,"15":1,"16":1,"17":1,"18":1,"19":1,"20":0,"21":0,"22":0,"23":0,"24":0,"25":1,"26":1,"27":1,"28":1,"29":1,"30":1,"31":1,"32":1,"33":1,"34":0,"35":1,"36":0,"37":1,"38":0,"39":0,"40":0,"41":1,"42":0,"43":0,"44":0,"45":0,"46":0,"47":0,"48":0,"49":0,"50":0,"51":0,"52":0,"53":0,"54":0,"55":0,"56":0,"57":0,"58":0,"59":0,"60":0,"61":0,"62":0,"63":0,"64":0,"65":0,"66":0,"67":1},"b":{"1":[1,0],"2":[0,1],"3":[0,0],"4":[0,0],"5":[1,1],"6":[1,0],"7":[1,0],"8":[0,1],"9":[0,0],"10":[0,0],"11":[0,0],"12":[0,0],"13":[0,0],"14":[0,0],"15":[0,0],"16":[0,0],"17":[0,0]},"f":{"1":1,"2":1,"3":1,"4":1,"5":0,"6":0,"7":0,"8":0,"9":0,"10":0,"11":0},"fnMap":{"1":{"name":"(anonymous_1)","line":18,"loc":{"start":{"line":18,"column":17},"end":{"line":18,"column":39}}},"2":{"name":"(anonymous_2)","line":43,"loc":{"start":{"line":43,"column":11},"end":{"line":43,"column":23}}},"3":{"name":"run","line":46,"loc":{"start":{"line":46,"column":2},"end":{"line":46,"column":17}}},"4":{"name":"(anonymous_4)","line":48,"loc":{"start":{"line":48,"column":17},"end":{"line":48,"column":44}}},"5":{"name":"(anonymous_5)","line":67,"loc":{"start":{"line":67,"column":19},"end":{"line":67,"column":34}}},"6":{"name":"writeConfig","line":78,"loc":{"start":{"line":78,"column":2},"end":{"line":78,"column":40}}},"7":{"name":"(anonymous_7)","line":80,"loc":{"start":{"line":80,"column":27},"end":{"line":80,"column":46}}},"8":{"name":"(anonymous_8)","line":81,"loc":{"start":{"line":81,"column":60},"end":{"line":81,"column":78}}},"9":{"name":"(anonymous_9)","line":102,"loc":{"start":{"line":102,"column":69},"end":{"line":102,"column":83}}},"10":{"name":"(anonymous_10)","line":103,"loc":{"start":{"line":103,"column":50},"end":{"line":103,"column":73}}},"11":{"name":"(anonymous_11)","line":113,"loc":{"start":{"line":113,"column":43},"end":{"line":113,"column":65}}}},"statementMap":{"1":{"start":{"line":2,"column":0},"end":{"line":2,"column":27}},"2":{"start":{"line":3,"column":0},"end":{"line":3,"column":23}},"3":{"start":{"line":4,"column":0},"end":{"line":4,"column":29}},"4":{"start":{"line":5,"column":0},"end":{"line":5,"column":33}},"5":{"start":{"line":6,"column":0},"end":{"line":6,"column":46}},"6":{"start":{"line":7,"column":0},"end":{"line":7,"column":26}},"7":{"start":{"line":8,"column":0},"end":{"line":8,"column":38}},"8":{"start":{"line":9,"column":0},"end":{"line":9,"column":29}},"9":{"start":{"line":10,"column":0},"end":{"line":10,"column":26}},"10":{"start":{"line":11,"column":0},"end":{"line":11,"column":31}},"11":{"start":{"line":12,"column":0},"end":{"line":12,"column":44}},"12":{"start":{"line":18,"column":0},"end":{"line":136,"column":2}},"13":{"start":{"line":19,"column":2},"end":{"line":19,"column":20}},"14":{"start":{"line":21,"column":2},"end":{"line":21,"column":60}},"15":{"start":{"line":23,"column":2},"end":{"line":23,"column":16}},"16":{"start":{"line":24,"column":2},"end":{"line":24,"column":13}},"17":{"start":{"line":25,"column":2},"end":{"line":25,"column":29}},"18":{"start":{"line":26,"column":2},"end":{"line":26,"column":31}},"19":{"start":{"line":28,"column":2},"end":{"line":40,"column":3}},"20":{"start":{"line":29,"column":4},"end":{"line":29,"column":41}},"21":{"start":{"line":30,"column":4},"end":{"line":30,"column":35}},"22":{"start":{"line":33,"column":4},"end":{"line":37,"column":5}},"23":{"start":{"line":34,"column":6},"end":{"line":34,"column":59}},"24":{"start":{"line":36,"column":6},"end":{"line":36,"column":87}},"25":{"start":{"line":39,"column":4},"end":{"line":39,"column":30}},"26":{"start":{"line":42,"column":2},"end":{"line":44,"column":3}},"27":{"start":{"line":43,"column":4},"end":{"line":43,"column":26}},"28":{"start":{"line":46,"column":2},"end":{"line":72,"column":3}},"29":{"start":{"line":47,"column":4},"end":{"line":71,"column":9}},"30":{"start":{"line":49,"column":8},"end":{"line":65,"column":9}},"31":{"start":{"line":50,"column":10},"end":{"line":50,"column":30}},"32":{"start":{"line":52,"column":10},"end":{"line":58,"column":11}},"33":{"start":{"line":53,"column":12},"end":{"line":55,"column":16}},"34":{"start":{"line":57,"column":12},"end":{"line":57,"column":31}},"35":{"start":{"line":60,"column":10},"end":{"line":64,"column":11}},"36":{"start":{"line":61,"column":12},"end":{"line":61,"column":41}},"37":{"start":{"line":63,"column":12},"end":{"line":63,"column":34}},"38":{"start":{"line":68,"column":8},"end":{"line":68,"column":76}},"39":{"start":{"line":69,"column":8},"end":{"line":69,"column":60}},"40":{"start":{"line":70,"column":8},"end":{"line":70,"column":36}},"41":{"start":{"line":78,"column":2},"end":{"line":133,"column":3}},"42":{"start":{"line":79,"column":4},"end":{"line":79,"column":18}},"43":{"start":{"line":80,"column":4},"end":{"line":132,"column":7}},"44":{"start":{"line":81,"column":6},"end":{"line":126,"column":9}},"45":{"start":{"line":87,"column":8},"end":{"line":93,"column":9}},"46":{"start":{"line":88,"column":10},"end":{"line":92,"column":11}},"47":{"start":{"line":89,"column":12},"end":{"line":89,"column":56}},"48":{"start":{"line":91,"column":12},"end":{"line":91,"column":49}},"49":{"start":{"line":96,"column":8},"end":{"line":109,"column":9}},"50":{"start":{"line":97,"column":10},"end":{"line":99,"column":11}},"51":{"start":{"line":98,"column":12},"end":{"line":98,"column":33}},"52":{"start":{"line":102,"column":10},"end":{"line":106,"column":13}},"53":{"start":{"line":103,"column":12},"end":{"line":105,"column":33}},"54":{"start":{"line":104,"column":16},"end":{"line":104,"column":54}},"55":{"start":{"line":108,"column":10},"end":{"line":108,"column":70}},"56":{"start":{"line":111,"column":8},"end":{"line":123,"column":9}},"57":{"start":{"line":112,"column":10},"end":{"line":122,"column":11}},"58":{"start":{"line":113,"column":12},"end":{"line":119,"column":15}},"59":{"start":{"line":114,"column":14},"end":{"line":118,"column":15}},"60":{"start":{"line":115,"column":16},"end":{"line":115,"column":83}},"61":{"start":{"line":117,"column":16},"end":{"line":117,"column":41}},"62":{"start":{"line":121,"column":12},"end":{"line":121,"column":47}},"63":{"start":{"line":125,"column":8},"end":{"line":125,"column":22}},"64":{"start":{"line":128,"column":6},"end":{"line":128,"column":55}},"65":{"start":{"line":129,"column":6},"end":{"line":129,"column":87}},"66":{"start":{"line":131,"column":6},"end":{"line":131,"column":28}},"67":{"start":{"line":135,"column":2},"end":{"line":135,"column":8}}},"branchMap":{"1":{"line":19,"type":"binary-expr","locations":[{"start":{"line":19,"column":9},"end":{"line":19,"column":13}},{"start":{"line":19,"column":17},"end":{"line":19,"column":19}}]},"2":{"line":28,"type":"if","locations":[{"start":{"line":28,"column":2},"end":{"line":28,"column":2}},{"start":{"line":28,"column":2},"end":{"line":28,"column":2}}]},"3":{"line":30,"type":"binary-expr","locations":[{"start":{"line":30,"column":14},"end":{"line":30,"column":21}},{"start":{"line":30,"column":25},"end":{"line":30,"column":34}}]},"4":{"line":33,"type":"if","locations":[{"start":{"line":33,"column":4},"end":{"line":33,"column":4}},{"start":{"line":33,"column":4},"end":{"line":33,"column":4}}]},"5":{"line":39,"type":"binary-expr","locations":[{"start":{"line":39,"column":14},"end":{"line":39,"column":21}},{"start":{"line":39,"column":25},"end":{"line":39,"column":29}}]},"6":{"line":42,"type":"if","locations":[{"start":{"line":42,"column":2},"end":{"line":42,"column":2}},{"start":{"line":42,"column":2},"end":{"line":42,"column":2}}]},"7":{"line":49,"type":"if","locations":[{"start":{"line":49,"column":8},"end":{"line":49,"column":8}},{"start":{"line":49,"column":8},"end":{"line":49,"column":8}}]},"8":{"line":60,"type":"if","locations":[{"start":{"line":60,"column":10},"end":{"line":60,"column":10}},{"start":{"line":60,"column":10},"end":{"line":60,"column":10}}]},"9":{"line":69,"type":"cond-expr","locations":[{"start":{"line":69,"column":35},"end":{"line":69,"column":44}},{"start":{"line":69,"column":47},"end":{"line":69,"column":58}}]},"10":{"line":70,"type":"binary-expr","locations":[{"start":{"line":70,"column":21},"end":{"line":70,"column":29}},{"start":{"line":70,"column":33},"end":{"line":70,"column":34}}]},"11":{"line":87,"type":"if","locations":[{"start":{"line":87,"column":8},"end":{"line":87,"column":8}},{"start":{"line":87,"column":8},"end":{"line":87,"column":8}}]},"12":{"line":88,"type":"if","locations":[{"start":{"line":88,"column":10},"end":{"line":88,"column":10}},{"start":{"line":88,"column":10},"end":{"line":88,"column":10}}]},"13":{"line":96,"type":"if","locations":[{"start":{"line":96,"column":8},"end":{"line":96,"column":8}},{"start":{"line":96,"column":8},"end":{"line":96,"column":8}}]},"14":{"line":97,"type":"if","locations":[{"start":{"line":97,"column":10},"end":{"line":97,"column":10}},{"start":{"line":97,"column":10},"end":{"line":97,"column":10}}]},"15":{"line":111,"type":"if","locations":[{"start":{"line":111,"column":8},"end":{"line":111,"column":8}},{"start":{"line":111,"column":8},"end":{"line":111,"column":8}}]},"16":{"line":112,"type":"if","locations":[{"start":{"line":112,"column":10},"end":{"line":112,"column":10}},{"start":{"line":112,"column":10},"end":{"line":112,"column":10}}]},"17":{"line":114,"type":"if","locations":[{"start":{"line":114,"column":14},"end":{"line":114,"column":14}},{"start":{"line":114,"column":14},"end":{"line":114,"column":14}}]}},"code":["'use strict';","var path = require('path');","var fs = require('fs');","var bower = require('bower');","var file = require('file-utils');","var requirejs = require('requirejs/bin/r.js');","var _ = require('lodash');","var assign = require('object-assign');","var chalk = require('chalk');","var success = chalk.green;","var danger = chalk.black.bgRed;","var buildConfig = require('./build-config');","","/**"," * Convert bower dependencies into paths for"," * RequireJS config file"," */","module.exports = function (opts, done) {","  opts = opts || {};","","  var bowerOpts = _.extend({offline: true}, opts.bowerOpts);","","  var configDir;","  var config;","  var baseUrl = opts.baseUrl;","  var configPath = opts.config;","","  if (configPath) {","    configDir = path.dirname(configPath);","    baseUrl = baseUrl || configDir;","","    // Grab the config file, or create one if it doesn't exist","    if (file.exists(configPath)) {","      config = fs.readFileSync(String(configPath), 'utf8');","    } else {","      config = fs.readFileSync(path.join(__dirname, '../templates/config.js'), 'utf8');","    }","  } else {","    baseUrl = baseUrl || './';","  }","","  if (!done) {","    done = function () {};","  }","","  function run() {","    bower.commands.list({}, bowerOpts)","      .on('end', function (dependencyGraph) {","        if (dependencyGraph) {","          var generatedConfig;","","          try {","            generatedConfig = buildConfig(dependencyGraph, _.extend(opts, {","              baseUrl: baseUrl","            }));","          } catch (err) {","            return done(false);","          }","","          if (configPath) {","            writeConfig(generatedConfig);","          } else {","            done(generatedConfig);","          }","        }","      })","      .on('error', function (err) {","        console.error(danger('ERR'), process.argv.slice(2).join(' '), '\\n');","        console.error(opts.debug ? err.stack : err.message);","        process.exit(err.code || 1);","      });","  }","","  /**","   * Write all dependencies to rjs config file","   */","  // @TODO: should maybe make this 'mergeConfig'?","  function writeConfig(generatedConfig) {","    var rjsConfig;","    requirejs.tools.useLib(function (require) {","      rjsConfig = require('transform').modifyConfig(config, function (config) {","","        // If the original config defines paths, add the","        // bower component paths to it; otherwise, add a","        // paths map with the bower components.","        // @TODO: CHECK FOR CONFLICTS WITH EXISTING PATHS","        if (generatedConfig.paths) {","          if (config.paths) {","            assign(config.paths, generatedConfig.paths);","          } else {","            config.paths = generatedConfig.paths;","          }","        }","","        // Add packages to merged config.","        if (generatedConfig.packages) {","          if (!config.packages) {","            config.packages = [];","          }","","          // strip packages that are already added","          var generatedPackages = _.filter(generatedConfig.packages, function(pkg) {","            return typeof _.find(config.packages, function(installedPkg) {","                return installedPkg.name === pkg.name;","              }) === 'undefined';","          });","","          config.packages = config.packages.concat(generatedPackages);","        }","","        if (generatedConfig.shim) {","          if (config.shim) {","            _.forOwn(generatedConfig.shim, function (value, key) {","              if (config.shim[key]) {","                config.shim[key].deps = _.union(value.deps, config.shim[key].deps);","              } else {","                config.shim[key] = value;","              }","            });","          } else {","            config.shim = generatedConfig.shim;","          }","        }","","        return config;","      });","","      fs.writeFileSync(configPath, rjsConfig, 'utf-8');","      console.log(success('Updated RequireJS config with installed Bower components'));","","      done(generatedConfig);","    });","  }","","  run();","};",""],"l":{"2":1,"3":1,"4":1,"5":1,"6":1,"7":1,"8":1,"9":1,"10":1,"11":1,"12":1,"18":1,"19":1,"21":1,"23":1,"24":1,"25":1,"26":1,"28":1,"29":0,"30":0,"33":0,"34":0,"36":0,"39":1,"42":1,"43":1,"46":1,"47":1,"49":1,"50":1,"52":1,"53":1,"57":0,"60":1,"61":0,"63":1,"68":0,"69":0,"70":0,"78":1,"79":0,"80":0,"81":0,"87":0,"88":0,"89":0,"91":0,"96":0,"97":0,"98":0,"102":0,"103":0,"104":0,"108":0,"111":0,"112":0,"113":0,"114":0,"115":0,"117":0,"121":0,"125":0,"128":0,"129":0,"131":0,"135":1}},"/home/travis/build/npmtest/node-npmtest-bower-requirejs/node_modules/bower-requirejs/lib/build-config.js":{"path":"/home/travis/build/npmtest/node-npmtest-bower-requirejs/node_modules/bower-requirejs/lib/build-config.js","s":{"1":1,"2":1,"3":1,"4":1,"5":1,"6":1,"7":1,"8":1,"9":1,"10":0,"11":0,"12":0,"13":0,"14":0,"15":0,"16":1,"17":0,"18":0,"19":0,"20":1,"21":1,"22":0,"23":0,"24":0,"25":0,"26":0,"27":0,"28":0,"29":1,"30":1,"31":1,"32":0,"33":0,"34":0,"35":0,"36":0,"37":0,"38":0,"39":0,"40":0,"41":0,"42":0,"43":0,"44":0,"45":0,"46":1},"b":{"1":[1,0],"2":[1,1],"3":[1,0],"4":[0,1],"5":[0,0],"6":[0,0],"7":[0,0],"8":[0,0],"9":[0,1],"10":[0,0],"11":[0,1],"12":[0,0],"13":[0,0],"14":[0,0],"15":[0,0],"16":[0,0],"17":[0,0],"18":[0,0],"19":[0,0],"20":[0,0]},"f":{"1":1,"2":0,"3":0,"4":0,"5":0,"6":0},"fnMap":{"1":{"name":"(anonymous_1)","line":10,"loc":{"start":{"line":10,"column":17},"end":{"line":10,"column":50}}},"2":{"name":"(anonymous_2)","line":18,"loc":{"start":{"line":18,"column":24},"end":{"line":18,"column":45}}},"3":{"name":"(anonymous_3)","line":32,"loc":{"start":{"line":32,"column":14},"end":{"line":32,"column":39}}},"4":{"name":"(anonymous_4)","line":41,"loc":{"start":{"line":41,"column":41},"end":{"line":41,"column":57}}},"5":{"name":"(anonymous_5)","line":43,"loc":{"start":{"line":43,"column":36},"end":{"line":43,"column":57}}},"6":{"name":"(anonymous_6)","line":63,"loc":{"start":{"line":63,"column":25},"end":{"line":63,"column":46}}}},"statementMap":{"1":{"start":{"line":2,"column":0},"end":{"line":2,"column":26}},"2":{"start":{"line":3,"column":0},"end":{"line":3,"column":38}},"3":{"start":{"line":4,"column":0},"end":{"line":4,"column":31}},"4":{"start":{"line":10,"column":0},"end":{"line":89,"column":2}},"5":{"start":{"line":11,"column":2},"end":{"line":11,"column":20}},"6":{"start":{"line":12,"column":2},"end":{"line":12,"column":35}},"7":{"start":{"line":13,"column":2},"end":{"line":13,"column":35}},"8":{"start":{"line":14,"column":2},"end":{"line":14,"column":52}},"9":{"start":{"line":17,"column":2},"end":{"line":27,"column":3}},"10":{"start":{"line":18,"column":4},"end":{"line":26,"column":7}},"11":{"start":{"line":19,"column":6},"end":{"line":25,"column":7}},"12":{"start":{"line":20,"column":8},"end":{"line":20,"column":79}},"13":{"start":{"line":21,"column":8},"end":{"line":21,"column":60}},"14":{"start":{"line":22,"column":8},"end":{"line":24,"column":9}},"15":{"start":{"line":23,"column":10},"end":{"line":23,"column":41}},"16":{"start":{"line":30,"column":2},"end":{"line":36,"column":3}},"17":{"start":{"line":31,"column":4},"end":{"line":35,"column":32}},"18":{"start":{"line":33,"column":8},"end":{"line":33,"column":26}},"19":{"start":{"line":34,"column":8},"end":{"line":34,"column":23}},"20":{"start":{"line":38,"column":2},"end":{"line":38,"column":24}},"21":{"start":{"line":40,"column":2},"end":{"line":55,"column":3}},"22":{"start":{"line":41,"column":4},"end":{"line":50,"column":6}},"23":{"start":{"line":42,"column":6},"end":{"line":49,"column":7}},"24":{"start":{"line":43,"column":8},"end":{"line":48,"column":11}},"25":{"start":{"line":44,"column":10},"end":{"line":47,"column":11}},"26":{"start":{"line":45,"column":12},"end":{"line":45,"column":37}},"27":{"start":{"line":46,"column":12},"end":{"line":46,"column":48}},"28":{"start":{"line":51,"column":4},"end":{"line":51,"column":52}},"29":{"start":{"line":54,"column":4},"end":{"line":54,"column":48}},"30":{"start":{"line":57,"column":2},"end":{"line":61,"column":4}},"31":{"start":{"line":63,"column":2},"end":{"line":86,"column":5}},"32":{"start":{"line":64,"column":4},"end":{"line":66,"column":5}},"33":{"start":{"line":65,"column":6},"end":{"line":65,"column":13}},"34":{"start":{"line":68,"column":4},"end":{"line":68,"column":50}},"35":{"start":{"line":69,"column":4},"end":{"line":85,"column":5}},"36":{"start":{"line":70,"column":6},"end":{"line":81,"column":7}},"37":{"start":{"line":71,"column":8},"end":{"line":71,"column":50}},"38":{"start":{"line":72,"column":8},"end":{"line":80,"column":9}},"39":{"start":{"line":73,"column":10},"end":{"line":73,"column":74}},"40":{"start":{"line":74,"column":10},"end":{"line":76,"column":11}},"41":{"start":{"line":75,"column":12},"end":{"line":75,"column":67}},"42":{"start":{"line":77,"column":10},"end":{"line":79,"column":11}},"43":{"start":{"line":78,"column":12},"end":{"line":78,"column":47}},"44":{"start":{"line":82,"column":6},"end":{"line":84,"column":7}},"45":{"start":{"line":83,"column":8},"end":{"line":83,"column":52}},"46":{"start":{"line":88,"column":2},"end":{"line":88,"column":16}}},"branchMap":{"1":{"line":11,"type":"binary-expr","locations":[{"start":{"line":11,"column":9},"end":{"line":11,"column":13}},{"start":{"line":11,"column":17},"end":{"line":11,"column":19}}]},"2":{"line":12,"type":"binary-expr","locations":[{"start":{"line":12,"column":16},"end":{"line":12,"column":28}},{"start":{"line":12,"column":32},"end":{"line":12,"column":34}}]},"3":{"line":13,"type":"binary-expr","locations":[{"start":{"line":13,"column":16},"end":{"line":13,"column":28}},{"start":{"line":13,"column":32},"end":{"line":13,"column":34}}]},"4":{"line":17,"type":"if","locations":[{"start":{"line":17,"column":2},"end":{"line":17,"column":2}},{"start":{"line":17,"column":2},"end":{"line":17,"column":2}}]},"5":{"line":19,"type":"if","locations":[{"start":{"line":19,"column":6},"end":{"line":19,"column":6}},{"start":{"line":19,"column":6},"end":{"line":19,"column":6}}]},"6":{"line":20,"type":"cond-expr","locations":[{"start":{"line":20,"column":52},"end":{"line":20,"column":67}},{"start":{"line":20,"column":70},"end":{"line":20,"column":78}}]},"7":{"line":22,"type":"if","locations":[{"start":{"line":22,"column":8},"end":{"line":22,"column":8}},{"start":{"line":22,"column":8},"end":{"line":22,"column":8}}]},"8":{"line":22,"type":"binary-expr","locations":[{"start":{"line":22,"column":12},"end":{"line":22,"column":22}},{"start":{"line":22,"column":26},"end":{"line":22,"column":30}}]},"9":{"line":30,"type":"if","locations":[{"start":{"line":30,"column":2},"end":{"line":30,"column":2}},{"start":{"line":30,"column":2},"end":{"line":30,"column":2}}]},"10":{"line":31,"type":"binary-expr","locations":[{"start":{"line":31,"column":22},"end":{"line":31,"column":61}},{"start":{"line":31,"column":65},"end":{"line":31,"column":67}}]},"11":{"line":40,"type":"if","locations":[{"start":{"line":40,"column":2},"end":{"line":40,"column":2}},{"start":{"line":40,"column":2},"end":{"line":40,"column":2}}]},"12":{"line":42,"type":"if","locations":[{"start":{"line":42,"column":6},"end":{"line":42,"column":6}},{"start":{"line":42,"column":6},"end":{"line":42,"column":6}}]},"13":{"line":44,"type":"if","locations":[{"start":{"line":44,"column":10},"end":{"line":44,"column":10}},{"start":{"line":44,"column":10},"end":{"line":44,"column":10}}]},"14":{"line":64,"type":"if","locations":[{"start":{"line":64,"column":4},"end":{"line":64,"column":4}},{"start":{"line":64,"column":4},"end":{"line":64,"column":4}}]},"15":{"line":69,"type":"if","locations":[{"start":{"line":69,"column":4},"end":{"line":69,"column":4}},{"start":{"line":69,"column":4},"end":{"line":69,"column":4}}]},"16":{"line":70,"type":"if","locations":[{"start":{"line":70,"column":6},"end":{"line":70,"column":6}},{"start":{"line":70,"column":6},"end":{"line":70,"column":6}}]},"17":{"line":72,"type":"if","locations":[{"start":{"line":72,"column":8},"end":{"line":72,"column":8}},{"start":{"line":72,"column":8},"end":{"line":72,"column":8}}]},"18":{"line":74,"type":"if","locations":[{"start":{"line":74,"column":10},"end":{"line":74,"column":10}},{"start":{"line":74,"column":10},"end":{"line":74,"column":10}}]},"19":{"line":77,"type":"if","locations":[{"start":{"line":77,"column":10},"end":{"line":77,"column":10}},{"start":{"line":77,"column":10},"end":{"line":77,"column":10}}]},"20":{"line":82,"type":"if","locations":[{"start":{"line":82,"column":6},"end":{"line":82,"column":6}},{"start":{"line":82,"column":6},"end":{"line":82,"column":6}}]}},"code":["'use strict';","var _ = require('lodash');","var assign = require('object-assign');","var parse = require('./parse');","","","/**"," * Build requirejs config object from bower dependencies object."," */","module.exports = function (dependencyGraph, opts) {","  opts = opts || {};","  var exclude = opts.exclude || [];","  var baseUrl = opts.baseUrl || '';","  var overrides = dependencyGraph.pkgMeta.overrides;","","  // Override the main property of each direct dependency.","  if (overrides) {","    _.forOwn(overrides, function (dep, name) {","      if (dep.main) {","        var main = (typeof dep.main === 'string') ? dep.main.trim() : dep.main;","        var dependency = dependencyGraph.dependencies[name];","        if (dependency && main) {","          dependency.pkgMeta.main = main;","        }","      }","    });","  }","","  // #84 exclude devDependencies","  if (opts['exclude-dev']) {","    exclude = _.chain(dependencyGraph.pkgMeta.devDependencies || {})","      .reduce(function(exclude,val,key){","        exclude.push(key);","        return exclude;","      },exclude).uniq().value();","  }","","  var dependencies = {};","  // Recursively register dependencies if transitive option is specified.","  if (opts.transitive) {","    var registerTransitiveDependencies = function (node) {","      if (node.dependencies) {","        _.forOwn(node.dependencies, function (dep, name) {","          if (!_.has(dependencies, name)) {","            dependencies[name] = dep;","            registerTransitiveDependencies(dep);","          }","        });","      }","    };","    registerTransitiveDependencies(dependencyGraph);","  } else {","    // Otherwise just use top-level dependencies.","    dependencies = dependencyGraph.dependencies;","  }","","  var config = {","    shim: {},","    paths: {},","    packages: []","  };","","  _.forOwn(dependencies, function (dep, name) {","    if (exclude.indexOf(name) !== -1) {","      return;","    }","","    var configElement = parse(dep, name, baseUrl);","    if (configElement) {","      if (configElement.paths) {","        assign(config.paths, configElement.paths);","        if (opts.shim) {","          var deps = _.difference(Object.keys(dep.dependencies), exclude);","          if (!opts.transitive) {","            deps = _.intersection(Object.keys(dependencies), deps);","          }","          if (deps.length) {","            config.shim[name] = { deps: deps };","          }","        }","      }","      if (configElement.package) {","        config.packages.push(configElement.package);","      }","    }","  });","","  return config;","};",""],"l":{"2":1,"3":1,"4":1,"10":1,"11":1,"12":1,"13":1,"14":1,"17":1,"18":0,"19":0,"20":0,"21":0,"22":0,"23":0,"30":1,"31":0,"33":0,"34":0,"38":1,"40":1,"41":0,"42":0,"43":0,"44":0,"45":0,"46":0,"51":0,"54":1,"57":1,"63":1,"64":0,"65":0,"68":0,"69":0,"70":0,"71":0,"72":0,"73":0,"74":0,"75":0,"77":0,"78":0,"82":0,"83":0,"88":1}},"/home/travis/build/npmtest/node-npmtest-bower-requirejs/node_modules/bower-requirejs/lib/parse.js":{"path":"/home/travis/build/npmtest/node-npmtest-bower-requirejs/node_modules/bower-requirejs/lib/parse.js","s":{"1":1,"2":1,"3":1,"4":1,"5":1,"6":1,"7":1,"8":1,"9":1,"10":1,"11":1,"12":0,"13":1,"14":0,"15":0,"16":0,"17":0,"18":0,"19":0,"20":1,"21":0,"22":0,"23":0,"24":0,"25":0,"26":0,"27":0,"28":0,"29":0,"30":1,"31":0,"32":0,"33":0,"34":0,"35":0,"36":0,"37":0,"38":0,"39":0,"40":0,"41":0,"42":0,"43":0,"44":1,"45":0,"46":0,"47":0,"48":1,"49":0,"50":0,"51":0,"52":0,"53":1,"54":0,"55":0,"56":0,"57":0,"58":0,"59":1,"60":0,"61":0,"62":0,"63":0,"64":0,"65":1,"66":0,"67":1,"68":0,"69":0,"70":0,"71":1,"72":0,"73":0,"74":0,"75":0,"76":0,"77":1,"78":0,"79":0,"80":0,"81":0,"82":0,"83":0,"84":0,"85":0,"86":1,"87":0,"88":1,"89":0,"90":0,"91":0,"92":0,"93":0,"94":0,"95":0,"96":0,"97":0,"98":0},"b":{"1":[0,0],"2":[0,0],"3":[0,0],"4":[0,0],"5":[0,0],"6":[0,0],"7":[0,0],"8":[0,0],"9":[0,0],"10":[0,0],"11":[0,0],"12":[0,0],"13":[0,0],"14":[0,0],"15":[0,0],"16":[0,0],"17":[0,0]},"f":{"1":0,"2":0,"3":0,"4":0,"5":0,"6":0,"7":0,"8":0,"9":0,"10":0,"11":0,"12":0,"13":0,"14":0,"15":0,"16":0,"17":0,"18":0},"fnMap":{"1":{"name":"(anonymous_1)","line":16,"loc":{"start":{"line":16,"column":17},"end":{"line":16,"column":47}}},"2":{"name":"normalizePath","line":21,"loc":{"start":{"line":21,"column":2},"end":{"line":21,"column":30}}},"3":{"name":"parsePackage","line":25,"loc":{"start":{"line":25,"column":2},"end":{"line":25,"column":35}}},"4":{"name":"parsePaths","line":43,"loc":{"start":{"line":43,"column":2},"end":{"line":43,"column":42}}},"5":{"name":"(anonymous_5)","line":52,"loc":{"start":{"line":52,"column":31},"end":{"line":52,"column":46}}},"6":{"name":"getResolvedPaths","line":61,"loc":{"start":{"line":61,"column":4},"end":{"line":61,"column":32}}},"7":{"name":"filter","line":94,"loc":{"start":{"line":94,"column":4},"end":{"line":94,"column":25}}},"8":{"name":"(anonymous_8)","line":95,"loc":{"start":{"line":95,"column":34},"end":{"line":95,"column":49}}},"9":{"name":"resolver","line":108,"loc":{"start":{"line":108,"column":4},"end":{"line":108,"column":36}}},"10":{"name":"(anonymous_10)","line":109,"loc":{"start":{"line":109,"column":13},"end":{"line":109,"column":40}}},"11":{"name":"dependencyByFilename","line":121,"loc":{"start":{"line":121,"column":4},"end":{"line":121,"column":39}}},"12":{"name":"dependencyByComponentName","line":132,"loc":{"start":{"line":132,"column":4},"end":{"line":132,"column":59}}},"13":{"name":"getName","line":144,"loc":{"start":{"line":144,"column":4},"end":{"line":144,"column":27}}},"14":{"name":"getPath","line":152,"loc":{"start":{"line":152,"column":4},"end":{"line":152,"column":26}}},"15":{"name":"removeExtension","line":161,"loc":{"start":{"line":161,"column":4},"end":{"line":161,"column":50}}},"16":{"name":"filterName","line":175,"loc":{"start":{"line":175,"column":4},"end":{"line":175,"column":26}}},"17":{"name":"canonical","line":198,"loc":{"start":{"line":198,"column":4},"end":{"line":198,"column":33}}},"18":{"name":"relative","line":207,"loc":{"start":{"line":207,"column":4},"end":{"line":207,"column":32}}}},"statementMap":{"1":{"start":{"line":2,"column":0},"end":{"line":2,"column":27}},"2":{"start":{"line":3,"column":0},"end":{"line":3,"column":26}},"3":{"start":{"line":4,"column":0},"end":{"line":4,"column":29}},"4":{"start":{"line":5,"column":0},"end":{"line":5,"column":38}},"5":{"start":{"line":6,"column":0},"end":{"line":6,"column":34}},"6":{"start":{"line":7,"column":0},"end":{"line":7,"column":29}},"7":{"start":{"line":8,"column":0},"end":{"line":8,"column":32}},"8":{"start":{"line":9,"column":0},"end":{"line":9,"column":31}},"9":{"start":{"line":10,"column":0},"end":{"line":10,"column":35}},"10":{"start":{"line":16,"column":0},"end":{"line":231,"column":2}},"11":{"start":{"line":21,"column":2},"end":{"line":23,"column":3}},"12":{"start":{"line":22,"column":4},"end":{"line":22,"column":59}},"13":{"start":{"line":25,"column":2},"end":{"line":41,"column":3}},"14":{"start":{"line":26,"column":4},"end":{"line":26,"column":46}},"15":{"start":{"line":28,"column":4},"end":{"line":31,"column":5}},"16":{"start":{"line":29,"column":6},"end":{"line":29,"column":109}},"17":{"start":{"line":30,"column":6},"end":{"line":30,"column":44}},"18":{"start":{"line":33,"column":4},"end":{"line":39,"column":6}},"19":{"start":{"line":40,"column":4},"end":{"line":40,"column":25}},"20":{"start":{"line":43,"column":2},"end":{"line":218,"column":3}},"21":{"start":{"line":44,
[...]
    }","","    /**","     * Combine the main.js file with its canonicalDir to","     * produce a full file path","     */","    function canonical(filepath) {","      return path.join(canonicalDir, filepath);","    }","","    /**","     * Generate a relative path name using the baseUrl. If","     * baseUrl was not defined then it will just use the dir","     * that contains the rjs config file.","     */","    function relative(filepath) {","      return path.relative(baseUrl, filepath);","    }","","    var resolvedPaths = getResolvedPaths();","    var configElement = {","      type: 'paths',","      paths: resolvedPaths","    };","","    return configElement;","  }","","  // Check for module type.","  var moduleTypes = dep.pkgMeta.moduleType || [];","  var canSupportNode = moduleTypes.indexOf('node') !== -1;","  var canSupportAmd = moduleTypes.indexOf('amd') !== -1;","  if (canSupportNode && !canSupportAmd) {","    return parsePackage(dep, name);","  }","","  // Parse as paths if not package.","  return parsePaths(dep, name, baseUrl);","","};",""],"l":{"2":1,"3":1,"4":1,"5":1,"6":1,"7":1,"8":1,"9":1,"10":1,"16":1,"21":1,"22":0,"25":1,"26":0,"28":0,"29":0,"30":0,"33":0,"40":0,"43":1,"44":0,"45":0,"47":0,"48":0,"49":0,"50":0,"52":0,"53":0,"54":0,"61":1,"63":0,"66":0,"67":0,"68":0,"73":0,"74":0,"76":0,"81":0,"82":0,"85":0,"86":0,"87":0,"88":0,"94":1,"95":0,"96":0,"99":0,"108":1,"109":0,"110":0,"111":0,"113":0,"121":1,"122":0,"123":0,"124":0,"125":0,"126":0,"132":1,"133":0,"134":0,"135":0,"136":0,"137":0,"144":1,"145":0,"152":1,"153":0,"154":0,"155":0,"161":1,"162":0,"163":0,"164":0,"166":0,"167":0,"175":1,"176":0,"177":0,"181":0,"182":0,"184":0,"187":0,"188":0,"191":0,"198":1,"199":0,"207":1,"208":0,"211":0,"212":0,"217":0,"221":0,"222":0,"223":0,"224":0,"225":0,"229":0}},"/home/travis/build/npmtest/node-npmtest-bower-requirejs/node_modules/bower-requirejs/lib/primary.js":{"path":"/home/travis/build/npmtest/node-npmtest-bower-requirejs/node_modules/bower-requirejs/lib/primary.js","s":{"1":1,"2":1,"3":1,"4":1,"5":1,"6":1,"7":1,"8":1,"9":0,"10":0,"11":0,"12":1,"13":0,"14":1,"15":0,"16":0,"17":0,"18":0,"19":0,"20":1,"21":0,"22":0,"23":0,"24":0,"25":0,"26":0,"27":1,"28":0,"29":0,"30":1,"31":0,"32":0,"33":1,"34":0,"35":0,"36":0,"37":0,"38":0,"39":1,"40":0,"41":0,"42":0,"43":0,"44":0,"45":1,"46":0,"47":1,"48":0,"49":0,"50":0,"51":0,"52":0,"53":0,"54":0,"55":0,"56":0,"57":0,"58":0,"59":0},"b":{"1":[0,0],"2":[0,0],"3":[0,0],"4":[0,0],"5":[0,0],"6":[0,0],"7":[0,0],"8":[0,0],"9":[0,0],"10":[0,0]},"f":{"1":0,"2":0,"3":0,"4":0,"5":0,"6":0,"7":0,"8":0,"9":0,"10":0,"11":0,"12":0,"13":0,"14":0,"15":0},"fnMap":{"1":{"name":"(anonymous_1)","line":14,"loc":{"start":{"line":14,"column":17},"end":{"line":14,"column":44}}},"2":{"name":"normalizePath","line":27,"loc":{"start":{"line":27,"column":2},"end":{"line":27,"column":30}}},"3":{"name":"excludeGrunt","line":34,"loc":{"start":{"line":34,"column":2},"end":{"line":34,"column":26}}},"4":{"name":"findCandidateFile","line":46,"loc":{"start":{"line":46,"column":2},"end":{"line":46,"column":44}}},"5":{"name":"(anonymous_5)","line":47,"loc":{"start":{"line":47,"column":37},"end":{"line":47,"column":58}}},"6":{"name":"(anonymous_6)","line":48,"loc":{"start":{"line":48,"column":13},"end":{"line":48,"column":25}}},"7":{"name":"(anonymous_7)","line":55,"loc":{"start":{"line":55,"column":34},"end":{"line":55,"column":46}}},"8":{"name":"findByDirname","line":62,"loc":{"start":{"line":62,"column":2},"end":{"line":62,"column":27}}},"9":{"name":"findByDirnameSuffix","line":71,"loc":{"start":{"line":71,"column":2},"end":{"line":71,"column":33}}},"10":{"name":"findByPackage","line":79,"loc":{"start":{"line":79,"column":2},"end":{"line":79,"column":27}}},"11":{"name":"until","line":94,"loc":{"start":{"line":94,"column":2},"end":{"line":94,"column":40}}},"12":{"name":"primaryFound","line":109,"loc":{"start":{"line":109,"column":2},"end":{"line":109,"column":26}}},"13":{"name":"end","line":117,"loc":{"start":{"line":117,"column":2},"end":{"line":117,"column":17}}},"14":{"name":"(anonymous_14)","line":127,"loc":{"start":{"line":127,"column":21},"end":{"line":127,"column":42}}},"15":{"name":"(anonymous_15)","line":130,"loc":{"start":{"line":130,"column":27},"end":{"line":130,"column":52}}}},"statementMap":{"1":{"start":{"line":2,"column":0},"end":{"line":2,"column":27}},"2":{"start":{"line":3,"column":0},"end":{"line":3,"column":29}},"3":{"start":{"line":4,"column":0},"end":{"line":4,"column":26}},"4":{"start":{"line":5,"column":0},"end":{"line":5,"column":29}},"5":{"start":{"line":6,"column":0},"end":{"line":6,"column":32}},"6":{"start":{"line":7,"column":0},"end":{"line":7,"column":33}},"7":{"start":{"line":8,"column":0},"end":{"line":8,"column":27}},"8":{"start":{"line":14,"column":0},"end":{"line":147,"column":2}},"9":{"start":{"line":16,"column":2},"end":{"line":16,"column":20}},"10":{"start":{"line":21,"column":2},"end":{"line":21,"column":57}},"11":{"start":{"line":22,"column":2},"end":{"line":22,"column":48}},"12":{"start":{"line":27,"column":2},"end":{"line":29,"column":3}},"13":{"start":{"line":28,"column":4},"end":{"line":28,"column":59}},"14":{"start":{"line":34,"column":2},"end":{"line":41,"column":3}},"15":{"start":{"line":35,"column":4},"end":{"line":39,"column":5}},"16":{"start":{"line":36,"column":6},"end":{"line":36,"column":65}},"17":{"start":{"line":37,"column":6},"end":{"line":37,"column":92}},"18":{"start":{"line":38,"column":6},"end":{"line":38,"column":57}},"19":{"start":{"line":40,"column":4},"end":{"line":40,"column":16}},"20":{"start":{"line":46,"column":2},"end":{"line":56,"column":3}},"21":{"start":{"line":47,"column":4},"end":{"line":54,"column":7}},"22":{"start":{"line":48,"column":6},"end":{"line":53,"column":8}},"23":{"start":{"line":49,"column":8},"end":{"line":49,"column":64}},"24":{"start":{"line":50,"column":8},"end":{"line":52,"column":9}},"25":{"start":{"line":51,"column":10},"end":{"line":51,"column":33}},"26":{"start":{"line":55,"column":4},"end":{"line":55,"column":50}},"27":{"start":{"line":62,"column":2},"end":{"line":65,"column":3}},"28":{"start":{"line":63,"column":4},"end":{"line":63,"column":64}},"29":{"start":{"line":64,"column":4},"end":{"line":64,"column":37}},"30":{"start":{"line":71,"column":2},"end":{"line":74,"column":3}},"31":{"start":{"line":72,"column":4},"end":{"line":72,"column":83}},"32":{"start":{"line":73,"column":4},"end":{"line":73,"column":37}},"33":{"start":{"line":79,"column":2},"end":{"line":88,"column":3}},"34":{"start":{"line":80,"column":4},"end":{"line":80,"column":62}},"35":{"start":{"line":81,"column":4},"end":{"line":87,"column":5}},"36":{"start":{"line":82,"column":6},"end":{"line":82,"column":39}},"37":{"start":{"line":84,"column":6},"end":{"line":86,"column":7}},"38":{"start":{"line":85,"column":8},"end":{"line":85,"column":26}},"39":{"start":{"line":94,"column":2},"end":{"line":104,"column":3}},"40":{"start":{"line":95,"column":4},"end":{"line":101,"column":5}},"41":{"start":{"line":96,"column":6},"end":{"line":100,"column":7}},"42":{"start":{"line":97,"column":8},"end":{"line":97,"column":14}},"43":{"start":{"line":99,"column":8},"end":{"line":99,"column":28}},"44":{"start":{"line":103,"column":4},"end":{"line":103,"column":11}},"45":{"start":{"line":109,"column":2},"end":{"line":111,"column":3}},"46":{"start":{"line":110,"column":4},"end":{"line":110,"column":29}},"47":{"start":{"line":117,"column":2},"end":{"line":123,"column":3}},"48":{"start":{"line":118,"column":4},"end":{"line":122,"column":5}},"49":{"start":{"line":119,"column":6},"end":{"line":119,"column":20}},"50":{"start":{"line":121,"column":6},"end":{"line":121,"column":18}},"51":{"start":{"line":126,"column":2},"end":{"line":126,"column":16}},"52":{"start":{"line":127,"column":2},"end":{"line":133,"column":5}},"53":{"start":{"line":128,"column":4},"end":{"line":128,"column":60}},"54":{"start":{"line":129,"column":4},"end":{"line":129,"column":93}},"55":{"start":{"line":130,"column":4},"end":{"line":132,"column":7}},"56":{"start":{"line":131,"column":6},"end":{"line":131,"column":68}},"57":{"start":{"line":136,"column":2},"end":{"line":136,"column":17}},"58":{"start":{"line":140,"column":2},"end":{"line":144,"column":10}},"59":{"start":{"line":146,"column":2},"end":{"line":146,"column":13}}},"branchMap":{"1":{"line":16,"type":"binary-expr","locations":[{"start":{"line":16,"column":9},"end":{"line":16,"column":13}},{"start":{"line":16,"column":17},"end":{"line":16,"column":19}}]},"2":{"line":21,"type":"binary-expr","locations":[{"start":{"line":21,"column":24},"end":{"line":21,"column":44}},{"start":{"line":21,"column":48},"end":{"line":21,"column":56}}]},"3":{"line":28,"type":"cond-expr","locations":[{"start":{"line":28,"column":42},"end":{"line":28,"column":52}},{"start":{"line":28,"column":55},"end":{"line":28,"column":58}}]},"4":{"line":35,"type":"if","locations":[{"start":{"line":35,"column":4},"end":{"line":35,"column":4}},{"start":{"line":35,"column":4},"end":{"line":35,"column":4}}]},"5":{"line":35,"type":"binary-expr","locations":[{"start":{"line":35,"column":8},"end":{"line":35,"column":36}},{"start":{"line":35,"column":40},"end":{"line":35,"column":72}}]},"6":{"line":50,"type":"if","locations":[{"start":{"line":50,"column":8},"end":{"line":50,"column":8}},{"start":{"line":50,"column":8},"end":{"line":50,"column":8}}]},"7":{"line":81,"type":"if","locations":[{"start":{"line":81,"column":4},"end":{"line":81,"column":4}},{"start":{"line":81,"column":4},"end":{"line":81,"column":4}}]},"8":{"line":84,"type":"if","locations":[{"start":{"line":84,"column":6},"end":{"line":84,"column":6}},{"start":{"line":84,"column":6},"end":{"line":84,"column":6}}]},"9":{"line":96,"type":"if","locations":[{"start":{"line":96,"column":6},"end":{"line":96,"column":6}},{"start":{"line":96,"column":6},"end":{"line":96,"column":6}}]},"10":{"line":118,"type":"if","locations":[{"start":{"line":118,"column":4},"end":{"line":118,"column":4}},{"start":{"line":118,"column":4},"end":{"line":118,"column":4}}]}},"code":["'use strict';","var path = require('path');","var slash = require('slash');","var _ = require('lodash');","var chalk = require('chalk');","var warn = chalk.black.bgYellow;","var file = require('file-utils');","var path = require('path');","","/**"," * Find primary js file in directory if no bower.json"," * exists."," */","module.exports = function (name, dep, opts) {","","  opts = opts || {};","","  // Define extra search dirs, relatie to canonicalDir.","  // Default is to add 'dist' folder (e.g. for jquery).","  // canonialDir is included as first searchDir.","  var extraSearchDirs = opts.extraSearchDirs || ['dist'];","  var searchDirs = [''].concat(extraSearchDirs);","","  /**","   * Fixup slashes in file paths for windows","   */","  function normalizePath(str) {","    return process.platform === 'win32' ? slash(str) : str;","  }","","  /**","   * If we find any Gruntfiles, remove them and log a warning.","   */","  function excludeGrunt() {","    if (_.contains(main, 'grunt.js') || _.contains(main, 'Gruntfile.js')) {","      console.log(warn('WARN'), 'Ignoring Gruntfile in ' + name);","      console.log('You should inform the author to ignore this file in their bower.json\\n');","      main = _.without(main, 'grunt.js', 'Gruntfile.js');","    }","    return main;","  }","","  /**","   * Test for candidate files in search dirs.","   */","  function findCandidateFile(candidateFile) {","    var searches = _.map(searchDirs, function (searchDir) {","      return function () {","        var candidatePath = path.join(searchDir, candidateFile);","        if (_.contains(main, candidatePath)) {","          main = [candidatePath];","        }","      };","    });","    until(primaryFound, searches, function () {});","  }","","  /**","   * Look for a primary .js file based on the project name","   * ex: backbone.js inside backbone dir","   */","  function findByDirname() {","    var candidateFile = path.basename(dep.canonicalDir) + '.js';","    findCandidateFile(candidateFile);","  }","","  /**","   * Look for a primary .js file based on the project name minus 'js'","   * ex: require.js inside requirejs dir","   */","  function findByDirnameSuffix() {","    var candidateFile = path.basename(dep.canonicalDir).replace(/js$/, '') + '.js';","    findCandidateFile(candidateFile);","  }","","  /**","   * Look for primary .js file in package.json","   */","  function findByPackage() {","    var pkgPath = path.join(dep.canonicalDir, 'package.json');","    if (file.exists(pkgPath)) {","      var pkg = file.readJSON(pkgPath);","","      if (pkg.main) {","        main = [pkg.main];","      }","    }","  }","","  /**","   * Execute callbacks in order until test passes or","   * we run out of callbacks","   */","  function until(test, callbacks, done) {","    for (var i = 0; i < callbacks.length; i++) {","      if (test()) {","        break;","      } else {","        callbacks[i].call();","      }","    }","","    done();","  }","","  /**","   * Test if only one js file remains","   */","  function primaryFound() {","    return main.length === 1;","  }","","  /**","   * If a top level js file is found set that to the return","   * value. Otherwise return false to indicate a failure","   */","  function end() {","    if (primaryFound()) {","      dep = main[0];","    } else {","      dep = false;","    }","  }","","  // Put all js files in search dirs into an array","  var main = [];","  _.each(searchDirs, function (searchDir) {","    var searchPath = path.join(dep.canonicalDir, searchDir);","    var candidateFiles = file.expand({ cwd: normalizePath(searchPath)}, '*.js', '!*.min.js');","    _.each(candidateFiles, function (candidateFile) {","      main.push(normalizePath(path.join(searchDir, candidateFile)));","    });","  });","","  // Remove any Gruntfiles","  excludeGrunt();","","  // Call find functions until test passes or","  // we run out of functions","  until(primaryFound, [","    findByDirname,","    findByDirnameSuffix,","    findByPackage","  ], end);","","  return dep;","};",""],"l":{"2":1,"3":1,"4":1,"5":1,"6":1,"7":1,"8":1,"14":1,"16":0,"21":0,"22":0,"27":1,"28":0,"34":1,"35":0,"36":0,"37":0,"38":0,"40":0,"46":1,"47":0,"48":0,"49":0,"50":0,"51":0,"55":0,"62":1,"63":0,"64":0,"71":1,"72":0,"73":0,"79":1,"80":0,"81":0,"82":0,"84":0,"85":0,"94":1,"95":0,"96":0,"97":0,"99":0,"103":0,"109":1,"110":0,"117":1,"118":0,"119":0,"121":0,"126":0,"127":0,"128":0,"129":0,"130":0,"131":0,"136":0,"140":0,"146":0}},"/home/travis/build/npmtest/node-npmtest-bower-requirejs/node_modules/bower-requirejs/bin/bower-requirejs.js":{"path":"/home/travis/build/npmtest/node-npmtest-bower-requirejs/node_modules/bower-requirejs/bin/bower-requirejs.js","s":{"1":1,"2":1,"3":1,"4":1,"5":1,"6":1,"7":1,"8":1,"9":0,"10":1,"11":1,"12":1,"13":0,"14":0,"15":1,"16":1,"17":0,"18":1,"19":0,"20":1,"21":1,"22":1,"23":1,"24":1},"b":{"1":[0,1],"2":[0,1],"3":[0,1],"4":[1,0]},"f":{"1":1,"2":0,"3":1},"fnMap":{"1":{"name":"init","line":35,"loc":{"start":{"line":35,"column":0},"end":{"line":35,"column":16}}},"2":{"name":"help","line":39,"loc":{"start":{"line":39,"column":0},"end":{"line":39,"column":16}}},"3":{"name":"pre","line":58,"loc":{"start":{"line":58,"column":0},"end":{"line":58,"column":15}}}},"statementMap":{"1":{"start":{"line":3,"column":0},"end":{"line":3,"column":27}},"2":{"start":{"line":4,"column":0},"end":{"line":4,"column":27}},"3":{"start":{"line":5,"column":0},"end":{"line":5,"column":38}},"4":{"start":{"line":6,"column":0},"end":{"line":6,"column":48}},"5":{"start":{"line":7,"column":0},"end":{"line":7,"column":37}},"6":{"start":{"line":8,"column":0},"end":{"line":8,"column":32}},"7":{"start":{"line":10,"column":0},"end":{"line":29,"column":3}},"8":{"start":{"line":31,"column":0},"end":{"line":33,"column":1}},"9":{"start":{"line":32,"column":2},"end":{"line":32,"column":34}},"10":{"start":{"line":35,"column":0},"end":{"line":37,"column":1}},"11":{"start":{"line":36,"column":2},"end":{"line":36,"column":16}},"12":{"start":{"line":39,"column":0},"end":{"line":56,"column":1}},"13":{"start":{"line":40,"column":2},"end":{"line":53,"column":4}},"14":{"start":{"line":55,"column":2},"end":{"line":55,"column":24}},"15":{"start":{"line":58,"column":0},"end":{"line":68,"column":1}},"16":{"start":{"line":59,"column":2},"end":{"line":61,"column":3}},"17":{"start":{"line":60,"column":4},"end":{"line":60,"column":36}},"18":{"start":{"line":63,"column":2},"end":{"line":65,"column":3}},"19":{"start":{"line":64,"column":4},"end":{"line":64,"column":31}},"20":{"start":{"line":67,"column":2},"end":{"line":67,"column":9}},"21":{"start":{"line":70,"column":0},"end":{"line":72,"column":1}},"22":{"start":{"line":71,"column":2},"end":{"line":71,"column":38}},"23":{"start":{"line":74,"column":0},"end":{"line":74,"column":12}},"24":{"start":{"line":75,"column":0},"end":{"line":75,"column":6}}},"branchMap":{"1":{"line":31,"type":"if","locations":[{"start":{"line":31,"column":0},"end":{"line":31,"column":0}},{"start":{"line":31,"column":0},"end":{"line":31,"column":0}}]},"2":{"line":59,"type":"if","locations":[{"start":{"line":59,"column":2},"end":{"line":59,"column":2}},{"start":{"line":59,"column":2},"end":{"line":59,"column":2}}]},"3":{"line":63,"type":"if","locations":[{"start":{"line":63,"column":2},"end":{"line":63,"column":2}},{"start":{"line":63,"column":2},"end":{"line":63,"column":2}}]},"4":{"line":70,"type":"if","locations":[{"start":{"line":70,"column":0},"end":{"line":70,"column":0}},{"start":{"line":70,"column":0},"end":{"line":70,"column":0}}]}},"code":["//#!/usr/bin/env node","'use strict';","var nopt = require('nopt');","var path = require('path');","var sudoBlock = require('sudo-block');","var updateNotifier = require('update-notifier');","var pkg = require('../package.json');","var project = require('../lib');","","var opts = nopt({","  help: Boolean,","  version: Boolean,","  config: path,","  exclude: Array,","  'base-url': path,","  baseUrl: path, // alias for --base-url","  transitive: Boolean,","  shim: Boolean,","  'exclude-dev': Boolean","}, {","  h: '--help',","  v: '--version',","  c: '--config',","  e: '--exclude',","  b: '--base-url',","  t: '--transitive',","  s: '--shim',","  d: '--exclude-dev'","});","","if (opts['base-url']) {","  opts.baseUrl = opts['base-url'];","}","","function init() {","  project(opts);","}","","function help() {","  var out = [","    'Usage: bower-requirejs [options]',","    '',","    'General options:',","    '  -h, --help              # Print options and usage',","    '  -v, --version           # Print the version number',","    '  -c, --config            # Path to your RequireJS config file',","    '  -e, --exclude           # Name of a dependency to be excluded from the process',","    '  -b, --base-url          # Path which all dependencies will be relative to',","    '  -t, --transitive        # Process transitive dependencies',","    '  -s, --shim              # Shim dependencies',","    '  -d, --exclude-dev       # Exclude devDependencies',","    ''","  ];","","  return out.join('\\n');","}","","function pre() {","  if (opts.version) {","    return console.log(pkg.version);","  }","","  if (opts.help) {","    return console.log(help());","  }","","  init();","}","","if (opts['update-notifier'] !== false) {","  updateNotifier({pkg: pkg}).notify();","}","","sudoBlock();","pre();",""],"l":{"3":1,"4":1,"5":1,"6":1,"7":1,"8":1,"10":1,"31":1,"32":0,"35":1,"36":1,"39":1,"40":0,"55":0,"58":1,"59":1,"60":0,"63":1,"64":0,"67":1,"70":1,"71":1,"74":1,"75":1}},"/home/travis/build/npmtest/node-npmtest-bower-requirejs/node_modules/bower-requirejs/templates/config.js":{"path":"/home/travis/build/npmtest/node-npmtest-bower-requirejs/node_modules/bower-requirejs/templates/config.js","s":{"1":2},"b":{},"f":{},"fnMap":{},"statementMap":{"1":{"start":{"line":1,"column":0},"end":{"line":4,"column":3}}},"branchMap":{},"code":["require.config({","  shim: {},","  paths: {}","});",""],"l":{"1":2}}}